121722:01:56.963 [qtp81269359-20] WARN  ArticleController - input params error, userId = null
121722:39:29.468 [qtp81269359-18] DEBUG Connection - {conn-10001} connected
121722:39:29.488 [qtp81269359-18] DEBUG Connection - {conn-10002} connected
121722:39:29.505 [qtp81269359-18] DEBUG Connection - {conn-10003} connected
121722:39:29.518 [qtp81269359-18] DEBUG Connection - {conn-10004} connected
121722:39:29.528 [qtp81269359-18] INFO  DruidDataSource - {dataSource-1} inited
121722:39:29.533 [qtp81269359-18] DEBUG Connection - {conn-10004} pool-connect
121722:39:29.654 [qtp81269359-18] DEBUG Statement - {conn-10004, pstmt-20000} created. SELECT * FROM t_article WHERE status = 1 LIMIT ?, ?
121722:39:29.662 [qtp81269359-18] DEBUG Statement - {conn-10004, pstmt-20000} Parameters : [0, 10]
121722:39:29.662 [qtp81269359-18] DEBUG Statement - {conn-10004, pstmt-20000} Types : [INTEGER, INTEGER]
121722:39:29.666 [qtp81269359-18] DEBUG Statement - {conn-10004, pstmt-20000, rs-50000} query executed. 4.781871 millis. SELECT * FROM t_article WHERE status = 1 LIMIT ?, ?
121722:39:29.666 [qtp81269359-18] DEBUG ResultSet - {conn-10004, pstmt-20000, rs-50000} open
121722:39:29.668 [qtp81269359-18] DEBUG ResultSet - {conn-10004, pstmt-20000, rs-50000} Header: [article_id, title, author, publish_time, external_link, status, create_time, update_time]
121722:39:29.678 [qtp81269359-18] DEBUG ResultSet - {conn-10004, pstmt-20000, rs-50000} Result: [2, 百度一下，你就知道, 李彦宏, 2000-01-01, www.baidu.com, true, 2016-11-17 22:35:42.0, 2016-11-17 22:35:42.0]
121722:39:29.680 [qtp81269359-18] DEBUG ResultSet - {conn-10004, pstmt-20000, rs-50000} Result: [3, hello, kugou, 谢振宇, 2004-01-01, http://www.kugou.com, true, 2016-11-18 00:25:39.0, 2016-11-18 00:25:39.0]
121722:39:29.693 [qtp81269359-18] DEBUG ResultSet - {conn-10004, pstmt-20000, rs-50000} closed
121722:39:29.695 [qtp81269359-18] DEBUG Statement - {conn-10004, pstmt-20000} closed
121722:39:29.696 [qtp81269359-18] DEBUG Connection - {conn-10004} pool-recycle
121722:39:29.712 [qtp81269359-18] DEBUG Connection - {conn-10004} pool-connect
121722:39:29.712 [qtp81269359-18] DEBUG Statement - {conn-10004, stmt-20001} created
121722:39:29.724 [qtp81269359-18] DEBUG Statement - {conn-10004, stmt-20001, rs-50001} query executed. 1.854646 millis. SELECT COUNT(0) FROM t_article
121722:39:29.724 [qtp81269359-18] DEBUG ResultSet - {conn-10004, stmt-20001, rs-50001} open
121722:39:29.725 [qtp81269359-18] DEBUG ResultSet - {conn-10004, stmt-20001, rs-50001} Header: [COUNT(0)]
121722:39:29.725 [qtp81269359-18] DEBUG ResultSet - {conn-10004, stmt-20001, rs-50001} Result: [5]
121722:39:29.725 [qtp81269359-18] DEBUG ResultSet - {conn-10004, stmt-20001, rs-50001} closed
121722:39:29.728 [qtp81269359-18] DEBUG Statement - {conn-10004, stmt-20001} closed
121722:39:29.728 [qtp81269359-18] DEBUG Connection - {conn-10004} pool-recycle
121722:39:30.250 [qtp81269359-18] INFO  ArticleService - [{"articleId":2,"author":"李彦宏","externalLink":"www.baidu.com","publishTime":"2000-01-01","status":1,"title":"百度一下，你就知道"},{"articleId":3,"author":"谢振宇","externalLink":"http://www.kugou.com","publishTime":"2004-01-01","status":1,"title":"hello, kugou"}]
121722:39:30.254 [qtp81269359-18] INFO  ArticleController - get article list, page:{"currentPage":0,"pageSize":10,"totalCount":5,"totalPage":1}, data:[{"articleId":2,"author":"李彦宏","externalLink":"www.baidu.com","publishTime":"2000-01-01","status":1,"title":"百度一下，你就知道"},{"articleId":3,"author":"谢振宇","externalLink":"http://www.kugou.com","publishTime":"2004-01-01","status":1,"title":"hello, kugou"}]
121722:44:39.071 [qtp81269359-19] DEBUG Connection - {conn-10004} pool-connect
121722:44:39.074 [qtp81269359-19] DEBUG Statement - {conn-10004, pstmt-20002} created. SELECT * FROM t_article WHERE status = 1 LIMIT ?, ?
121722:44:39.075 [qtp81269359-19] DEBUG Statement - {conn-10004, pstmt-20002} Parameters : [0, 10]
121722:44:39.075 [qtp81269359-19] DEBUG Statement - {conn-10004, pstmt-20002} Types : [INTEGER, INTEGER]
121722:44:39.076 [qtp81269359-19] DEBUG Statement - {conn-10004, pstmt-20002, rs-50002} query executed. 0.780499 millis. SELECT * FROM t_article WHERE status = 1 LIMIT ?, ?
121722:44:39.076 [qtp81269359-19] DEBUG ResultSet - {conn-10004, pstmt-20002, rs-50002} open
121722:44:39.076 [qtp81269359-19] DEBUG ResultSet - {conn-10004, pstmt-20002, rs-50002} Header: [article_id, title, author, publish_time, external_link, status, create_time, update_time]
121722:44:39.077 [qtp81269359-19] DEBUG ResultSet - {conn-10004, pstmt-20002, rs-50002} Result: [2, 百度一下，你就知道, 李彦宏, 2000-01-01, www.baidu.com, true, 2016-11-17 22:35:42.0, 2016-11-17 22:35:42.0]
121722:44:39.079 [qtp81269359-19] DEBUG ResultSet - {conn-10004, pstmt-20002, rs-50002} Result: [3, hello, kugou, 谢振宇, 2004-01-01, http://www.kugou.com, true, 2016-11-18 00:25:39.0, 2016-11-18 00:25:39.0]
121722:44:39.080 [qtp81269359-19] DEBUG ResultSet - {conn-10004, pstmt-20002, rs-50002} closed
121722:44:39.080 [qtp81269359-19] DEBUG Statement - {conn-10004, pstmt-20002} closed
121722:44:39.080 [qtp81269359-19] DEBUG Connection - {conn-10004} pool-recycle
121722:44:39.080 [qtp81269359-19] DEBUG Connection - {conn-10004} pool-connect
121722:44:39.081 [qtp81269359-19] DEBUG Statement - {conn-10004, stmt-20003} created
121722:44:39.084 [qtp81269359-19] DEBUG Statement - {conn-10004, stmt-20003, rs-50003} query executed. 1.847153 millis. SELECT COUNT(0) FROM t_article
121722:44:39.084 [qtp81269359-19] DEBUG ResultSet - {conn-10004, stmt-20003, rs-50003} open
121722:44:39.085 [qtp81269359-19] DEBUG ResultSet - {conn-10004, stmt-20003, rs-50003} Header: [COUNT(0)]
121722:44:39.085 [qtp81269359-19] DEBUG ResultSet - {conn-10004, stmt-20003, rs-50003} Result: [5]
121722:44:39.086 [qtp81269359-19] DEBUG ResultSet - {conn-10004, stmt-20003, rs-50003} closed
121722:44:39.086 [qtp81269359-19] DEBUG Statement - {conn-10004, stmt-20003} closed
121722:44:39.087 [qtp81269359-19] DEBUG Connection - {conn-10004} pool-recycle
121722:44:39.087 [qtp81269359-19] INFO  ArticleService - [{"articleId":2,"author":"李彦宏","externalLink":"www.baidu.com","publishTime":"2000-01-01","status":1,"title":"百度一下，你就知道"},{"articleId":3,"author":"谢振宇","externalLink":"http://www.kugou.com","publishTime":"2004-01-01","status":1,"title":"hello, kugou"}]
121722:44:39.088 [qtp81269359-19] INFO  ArticleController - get article list, page:{"currentPage":0,"pageSize":10,"totalCount":5,"totalPage":1}, data:[{"articleId":2,"author":"李彦宏","externalLink":"www.baidu.com","publishTime":"2000-01-01","status":1,"title":"百度一下，你就知道"},{"articleId":3,"author":"谢振宇","externalLink":"http://www.kugou.com","publishTime":"2004-01-01","status":1,"title":"hello, kugou"}]
121722:46:59.660 [qtp1333945918-22] DEBUG Connection - {conn-10001} connected
121722:46:59.773 [qtp1333945918-22] DEBUG Connection - {conn-10002} connected
121722:46:59.884 [qtp1333945918-22] DEBUG Connection - {conn-10003} connected
121722:46:59.955 [qtp1333945918-22] DEBUG Connection - {conn-10004} connected
121722:46:59.981 [qtp1333945918-22] INFO  DruidDataSource - {dataSource-1} inited
121722:46:59.992 [qtp1333945918-22] DEBUG Connection - {conn-10004} pool-connect
121722:47:00.333 [qtp1333945918-22] DEBUG Statement - {conn-10004, pstmt-20000} created. SELECT * FROM t_article WHERE status = 1 LIMIT ?, ?
121722:47:00.352 [qtp1333945918-22] DEBUG Statement - {conn-10004, pstmt-20000} Parameters : [0, 10]
121722:47:00.352 [qtp1333945918-22] DEBUG Statement - {conn-10004, pstmt-20000} Types : [INTEGER, INTEGER]
121722:47:00.358 [qtp1333945918-22] DEBUG Statement - {conn-10004, pstmt-20000, rs-50000} query executed. 10.921611 millis. SELECT * FROM t_article WHERE status = 1 LIMIT ?, ?
121722:47:00.359 [qtp1333945918-22] DEBUG ResultSet - {conn-10004, pstmt-20000, rs-50000} open
121722:47:00.363 [qtp1333945918-22] DEBUG ResultSet - {conn-10004, pstmt-20000, rs-50000} Header: [article_id, title, author, publish_time, external_link, status, create_time, update_time]
121722:47:00.378 [qtp1333945918-22] DEBUG ResultSet - {conn-10004, pstmt-20000, rs-50000} Result: [2, 百度一下，你就知道, 李彦宏, 2000-01-01, www.baidu.com, true, 2016-11-17 22:35:42.0, 2016-11-17 22:35:42.0]
121722:47:00.383 [qtp1333945918-22] DEBUG ResultSet - {conn-10004, pstmt-20000, rs-50000} Result: [3, hello, kugou, 谢振宇, 2004-01-01, http://www.kugou.com, true, 2016-11-18 00:25:39.0, 2016-11-18 00:25:39.0]
121722:47:00.392 [qtp1333945918-22] DEBUG ResultSet - {conn-10004, pstmt-20000, rs-50000} closed
121722:47:00.395 [qtp1333945918-22] DEBUG Statement - {conn-10004, pstmt-20000} closed
121722:47:00.397 [qtp1333945918-22] DEBUG Connection - {conn-10004} pool-recycle
121722:47:00.403 [qtp1333945918-22] DEBUG Connection - {conn-10004} pool-connect
121722:47:00.404 [qtp1333945918-22] DEBUG Statement - {conn-10004, stmt-20001} created
121722:47:00.410 [qtp1333945918-22] DEBUG Statement - {conn-10004, stmt-20001, rs-50001} query executed. 1.192894 millis. SELECT COUNT(0) FROM t_article
121722:47:00.411 [qtp1333945918-22] DEBUG ResultSet - {conn-10004, stmt-20001, rs-50001} open
121722:47:00.411 [qtp1333945918-22] DEBUG ResultSet - {conn-10004, stmt-20001, rs-50001} Header: [COUNT(0)]
121722:47:00.412 [qtp1333945918-22] DEBUG ResultSet - {conn-10004, stmt-20001, rs-50001} Result: [5]
121722:47:00.413 [qtp1333945918-22] DEBUG ResultSet - {conn-10004, stmt-20001, rs-50001} closed
121722:47:00.414 [qtp1333945918-22] DEBUG Statement - {conn-10004, stmt-20001} closed
121722:47:00.415 [qtp1333945918-22] DEBUG Connection - {conn-10004} pool-recycle
121722:47:00.839 [qtp1333945918-22] INFO  ArticleService - [{"articleId":2,"author":"李彦宏","externalLink":"www.baidu.com","publishTime":"2000-01-01","status":1,"title":"百度一下，你就知道"},{"articleId":3,"author":"谢振宇","externalLink":"http://www.kugou.com","publishTime":"2004-01-01","status":1,"title":"hello, kugou"}]
121722:47:00.856 [qtp1333945918-22] INFO  ArticleController - get article list, page:{"currentPage":0,"pageSize":10,"totalCount":5,"totalPage":1}, data:[{"articleId":2,"author":"李彦宏","externalLink":"www.baidu.com","publishTime":"2000-01-01","status":1,"title":"百度一下，你就知道"},{"articleId":3,"author":"谢振宇","externalLink":"http://www.kugou.com","publishTime":"2004-01-01","status":1,"title":"hello, kugou"}]
121722:50:57.747 [qtp810262298-21] DEBUG ArticleController - add article begin, article: {"articleId":0,"status":0}
121722:53:51.973 [qtp810262298-22] DEBUG ArticleController - add article begin, article: {"articleId":0,"status":0}
121723:01:20.737 [qtp855547146-19] DEBUG ArticleController - add article begin, article: {"articleId":0,"status":0}
121723:03:44.832 [qtp526981115-24] DEBUG ArticleController - add article begin, article: {"articleId":0,"status":0}
121723:05:04.514 [qtp1135555866-20] DEBUG ArticleController - add article begin, article: {"articleId":0,"status":0}
121723:07:12.758 [qtp1135555866-21] DEBUG ArticleController - add article begin, article: {"articleId":0,"status":0}
121723:07:14.394 [qtp1135555866-24] DEBUG Connection - {conn-10001} connected
121723:07:14.414 [qtp1135555866-24] DEBUG Connection - {conn-10002} connected
121723:07:14.427 [qtp1135555866-24] DEBUG Connection - {conn-10003} connected
121723:07:14.440 [qtp1135555866-24] DEBUG Connection - {conn-10004} connected
121723:07:14.456 [qtp1135555866-24] INFO  DruidDataSource - {dataSource-1} inited
121723:07:14.465 [qtp1135555866-24] DEBUG Connection - {conn-10004} pool-connect
121723:07:14.565 [qtp1135555866-24] DEBUG Statement - {conn-10004, pstmt-20000} created. SELECT * FROM t_article WHERE status = 1 LIMIT ?, ?
121723:07:14.573 [qtp1135555866-24] DEBUG Statement - {conn-10004, pstmt-20000} Parameters : [0, 10]
121723:07:14.573 [qtp1135555866-24] DEBUG Statement - {conn-10004, pstmt-20000} Types : [INTEGER, INTEGER]
121723:07:14.576 [qtp1135555866-24] DEBUG Statement - {conn-10004, pstmt-20000, rs-50000} query executed. 4.769875 millis. SELECT * FROM t_article WHERE status = 1 LIMIT ?, ?
121723:07:14.577 [qtp1135555866-24] DEBUG ResultSet - {conn-10004, pstmt-20000, rs-50000} open
121723:07:14.579 [qtp1135555866-24] DEBUG ResultSet - {conn-10004, pstmt-20000, rs-50000} Header: [article_id, title, author, publish_time, external_link, status, create_time, update_time]
121723:07:14.587 [qtp1135555866-24] DEBUG ResultSet - {conn-10004, pstmt-20000, rs-50000} Result: [2, 百度一下，你就知道, 李彦宏, 2000-01-01, www.baidu.com, true, 2016-11-17 22:35:42.0, 2016-11-17 22:35:42.0]
121723:07:14.587 [qtp1135555866-24] DEBUG ResultSet - {conn-10004, pstmt-20000, rs-50000} Result: [3, hello, kugou, 谢振宇, 2004-01-01, http://www.kugou.com, true, 2016-11-18 00:25:39.0, 2016-11-18 00:25:39.0]
121723:07:14.589 [qtp1135555866-24] DEBUG ResultSet - {conn-10004, pstmt-20000, rs-50000} closed
121723:07:14.590 [qtp1135555866-24] DEBUG Statement - {conn-10004, pstmt-20000} closed
121723:07:14.590 [qtp1135555866-24] DEBUG Connection - {conn-10004} pool-recycle
121723:07:14.592 [qtp1135555866-24] DEBUG Connection - {conn-10004} pool-connect
121723:07:14.592 [qtp1135555866-24] DEBUG Statement - {conn-10004, stmt-20001} created
121723:07:14.594 [qtp1135555866-24] DEBUG Statement - {conn-10004, stmt-20001, rs-50001} query executed. 0.531528 millis. SELECT COUNT(0) FROM t_article
121723:07:14.594 [qtp1135555866-24] DEBUG ResultSet - {conn-10004, stmt-20001, rs-50001} open
121723:07:14.595 [qtp1135555866-24] DEBUG ResultSet - {conn-10004, stmt-20001, rs-50001} Header: [COUNT(0)]
121723:07:14.595 [qtp1135555866-24] DEBUG ResultSet - {conn-10004, stmt-20001, rs-50001} Result: [5]
121723:07:14.595 [qtp1135555866-24] DEBUG ResultSet - {conn-10004, stmt-20001, rs-50001} closed
121723:07:14.595 [qtp1135555866-24] DEBUG Statement - {conn-10004, stmt-20001} closed
121723:07:14.595 [qtp1135555866-24] DEBUG Connection - {conn-10004} pool-recycle
121723:07:14.597 [qtp1135555866-24] INFO  ArticleService - [{"articleId":2,"author":"李彦宏","externalLink":"www.baidu.com","publishTime":"2000-01-01","status":1,"title":"百度一下，你就知道"},{"articleId":3,"author":"谢振宇","externalLink":"http://www.kugou.com","publishTime":"2004-01-01","status":1,"title":"hello, kugou"}]
121723:07:14.603 [qtp1135555866-24] INFO  ArticleController - get article list, page:{"currentPage":0,"pageSize":10,"totalCount":5,"totalPage":1}, data:[{"articleId":2,"author":"李彦宏","externalLink":"www.baidu.com","publishTime":"2000-01-01","status":1,"title":"百度一下，你就知道"},{"articleId":3,"author":"谢振宇","externalLink":"http://www.kugou.com","publishTime":"2004-01-01","status":1,"title":"hello, kugou"}]
121723:08:28.700 [qtp526981115-19] DEBUG Connection - {conn-10001} connected
121723:08:28.725 [qtp526981115-19] DEBUG Connection - {conn-10002} connected
121723:08:28.739 [qtp526981115-19] DEBUG Connection - {conn-10003} connected
121723:08:28.757 [qtp526981115-19] DEBUG Connection - {conn-10004} connected
121723:08:28.770 [qtp526981115-19] INFO  DruidDataSource - {dataSource-1} inited
121723:08:28.779 [qtp526981115-19] DEBUG Connection - {conn-10004} pool-connect
121723:08:28.929 [qtp526981115-19] DEBUG Statement - {conn-10004, pstmt-20000} created. SELECT * FROM t_article WHERE status = 1 LIMIT ?, ?
121723:08:28.991 [qtp526981115-19] DEBUG Statement - {conn-10004, pstmt-20000} Parameters : [0, 10]
121723:08:28.992 [qtp526981115-19] DEBUG Statement - {conn-10004, pstmt-20000} Types : [INTEGER, INTEGER]
121723:08:29.001 [qtp526981115-19] DEBUG Statement - {conn-10004, pstmt-20000, rs-50000} query executed. 15.883338 millis. SELECT * FROM t_article WHERE status = 1 LIMIT ?, ?
121723:08:29.001 [qtp526981115-19] DEBUG ResultSet - {conn-10004, pstmt-20000, rs-50000} open
121723:08:29.006 [qtp526981115-19] DEBUG ResultSet - {conn-10004, pstmt-20000, rs-50000} Header: [article_id, title, author, publish_time, external_link, status, create_time, update_time]
121723:08:29.025 [qtp526981115-19] DEBUG ResultSet - {conn-10004, pstmt-20000, rs-50000} Result: [2, 百度一下，你就知道, 李彦宏, 2000-01-01, www.baidu.com, true, 2016-11-17 22:35:42.0, 2016-11-17 22:35:42.0]
121723:08:29.026 [qtp526981115-19] DEBUG ResultSet - {conn-10004, pstmt-20000, rs-50000} Result: [3, hello, kugou, 谢振宇, 2004-01-01, http://www.kugou.com, true, 2016-11-18 00:25:39.0, 2016-11-18 00:25:39.0]
121723:08:29.030 [qtp526981115-19] DEBUG ResultSet - {conn-10004, pstmt-20000, rs-50000} closed
121723:08:29.031 [qtp526981115-19] DEBUG Statement - {conn-10004, pstmt-20000} closed
121723:08:29.032 [qtp526981115-19] DEBUG Connection - {conn-10004} pool-recycle
121723:08:29.034 [qtp526981115-19] DEBUG Connection - {conn-10004} pool-connect
121723:08:29.034 [qtp526981115-19] DEBUG Statement - {conn-10004, stmt-20001} created
121723:08:29.037 [qtp526981115-19] DEBUG Statement - {conn-10004, stmt-20001, rs-50001} query executed. 0.528471 millis. SELECT COUNT(0) FROM t_article
121723:08:29.037 [qtp526981115-19] DEBUG ResultSet - {conn-10004, stmt-20001, rs-50001} open
121723:08:29.037 [qtp526981115-19] DEBUG ResultSet - {conn-10004, stmt-20001, rs-50001} Header: [COUNT(0)]
121723:08:29.037 [qtp526981115-19] DEBUG ResultSet - {conn-10004, stmt-20001, rs-50001} Result: [5]
121723:08:29.037 [qtp526981115-19] DEBUG ResultSet - {conn-10004, stmt-20001, rs-50001} closed
121723:08:29.038 [qtp526981115-19] DEBUG Statement - {conn-10004, stmt-20001} closed
121723:08:29.038 [qtp526981115-19] DEBUG Connection - {conn-10004} pool-recycle
121723:08:29.480 [qtp526981115-19] INFO  ArticleService - [{"articleId":2,"author":"李彦宏","externalLink":"www.baidu.com","publishTime":"2000-01-01","status":1,"title":"百度一下，你就知道"},{"articleId":3,"author":"谢振宇","externalLink":"http://www.kugou.com","publishTime":"2004-01-01","status":1,"title":"hello, kugou"}]
121723:08:29.480 [qtp526981115-19] INFO  ArticleController - get article list, page:team.t9001.saad.common.Page@6e8bbd10, data:[Article{articleId=2, title='百度一下，你就知道', author='李彦宏', publishTime='2000-01-01', externalLink='www.baidu.com', status=1}, Article{articleId=3, title='hello, kugou', author='谢振宇', publishTime='2004-01-01', externalLink='http://www.kugou.com', status=1}]
121723:09:57.747 [qtp526981115-23] DEBUG ArticleController - add article begin, article: {"articleId":0,"status":0}
121723:13:53.506 [qtp526981115-23] DEBUG Connection - {conn-10004} pool-connect
121723:13:53.507 [qtp526981115-23] DEBUG Statement - {conn-10004, pstmt-20002} created. SELECT * FROM t_article WHERE status = 1 LIMIT ?, ?
121723:13:53.508 [qtp526981115-23] DEBUG Statement - {conn-10004, pstmt-20002} Parameters : [0, 10]
121723:13:53.508 [qtp526981115-23] DEBUG Statement - {conn-10004, pstmt-20002} Types : [INTEGER, INTEGER]
121723:13:53.509 [qtp526981115-23] DEBUG Statement - {conn-10004, pstmt-20002, rs-50002} query executed. 1.310583 millis. SELECT * FROM t_article WHERE status = 1 LIMIT ?, ?
121723:13:53.510 [qtp526981115-23] DEBUG ResultSet - {conn-10004, pstmt-20002, rs-50002} open
121723:13:53.510 [qtp526981115-23] DEBUG ResultSet - {conn-10004, pstmt-20002, rs-50002} Header: [article_id, title, author, publish_time, external_link, status, create_time, update_time]
121723:13:53.511 [qtp526981115-23] DEBUG ResultSet - {conn-10004, pstmt-20002, rs-50002} Result: [2, 百度一下，你就知道, 李彦宏, 2000-01-01, www.baidu.com, true, 2016-11-17 22:35:42.0, 2016-11-17 22:35:42.0]
121723:13:53.511 [qtp526981115-23] DEBUG ResultSet - {conn-10004, pstmt-20002, rs-50002} Result: [3, hello, kugou, 谢振宇, 2004-01-01, http://www.kugou.com, true, 2016-11-18 00:25:39.0, 2016-11-18 00:25:39.0]
121723:13:53.511 [qtp526981115-23] DEBUG ResultSet - {conn-10004, pstmt-20002, rs-50002} closed
121723:13:53.511 [qtp526981115-23] DEBUG Statement - {conn-10004, pstmt-20002} closed
121723:13:53.512 [qtp526981115-23] DEBUG Connection - {conn-10004} pool-recycle
121723:13:53.512 [qtp526981115-23] DEBUG Connection - {conn-10004} pool-connect
121723:13:53.512 [qtp526981115-23] DEBUG Statement - {conn-10004, stmt-20003} created
121723:13:53.512 [qtp526981115-23] DEBUG Statement - {conn-10004, stmt-20003, rs-50003} query executed. 0.435244 millis. SELECT COUNT(0) FROM t_article
121723:13:53.513 [qtp526981115-23] DEBUG ResultSet - {conn-10004, stmt-20003, rs-50003} open
121723:13:53.513 [qtp526981115-23] DEBUG ResultSet - {conn-10004, stmt-20003, rs-50003} Header: [COUNT(0)]
121723:13:53.513 [qtp526981115-23] DEBUG ResultSet - {conn-10004, stmt-20003, rs-50003} Result: [5]
121723:13:53.513 [qtp526981115-23] DEBUG ResultSet - {conn-10004, stmt-20003, rs-50003} closed
121723:13:53.513 [qtp526981115-23] DEBUG Statement - {conn-10004, stmt-20003} closed
121723:13:53.513 [qtp526981115-23] DEBUG Connection - {conn-10004} pool-recycle
121723:13:53.513 [qtp526981115-23] INFO  ArticleService - [{"articleId":2,"author":"李彦宏","externalLink":"www.baidu.com","publishTime":"2000-01-01","status":1,"title":"百度一下，你就知道"},{"articleId":3,"author":"谢振宇","externalLink":"http://www.kugou.com","publishTime":"2004-01-01","status":1,"title":"hello, kugou"}]
121723:13:53.513 [qtp526981115-23] INFO  ArticleController - get article list, page:team.t9001.saad.common.Page@6ae1a752, data:[Article{articleId=2, title='百度一下，你就知道', author='李彦宏', publishTime='2000-01-01', externalLink='www.baidu.com', status=1}, Article{articleId=3, title='hello, kugou', author='谢振宇', publishTime='2004-01-01', externalLink='http://www.kugou.com', status=1}]
121723:14:05.026 [qtp526981115-19] DEBUG ArticleController - add article begin, article: {"articleId":0,"status":0}
121723:20:11.300 [qtp1002406942-23] DEBUG ArticleController - add article begin, article: {"articleId":0,"author":"马化腾","externalLink":"www.qq.com","publishTime":"2016-12-17","status":1,"title":"论充值的重要性"}
121723:20:11.310 [qtp1002406942-23] WARN  ValidatorService - user not login.
121723:22:39.127 [qtp1709317347-21] DEBUG ArticleController - add article begin, article: {"articleId":0,"author":"马化腾","externalLink":"www.qq.com","publishTime":"2016-12-17","status":1,"title":"论充值的重要性"}
121723:24:31.073 [qtp721395199-21] DEBUG ArticleController - add article begin, article: {"articleId":0,"author":"马化腾","externalLink":"www.qq.com","publishTime":"2016-12-17","status":1,"title":"论充值的重要性"}
121723:24:31.076 [qtp721395199-21] DEBUG ValidatorService - userService = team.t9001.saad.service.UserService@3c42ab28
121723:26:39.819 [qtp1594857799-22] DEBUG ArticleController - add article begin, article: {"articleId":0,"author":"马化腾","externalLink":"www.qq.com","publishTime":"2016-12-17","status":1,"title":"论充值的重要性"}
121723:26:39.829 [qtp1594857799-22] DEBUG ValidatorService - loginUserId = null
121723:32:02.737 [qtp240641494-19] DEBUG ArticleController - add article begin, article: {"articleId":0,"author":"马化腾","externalLink":"www.qq.com","publishTime":"2016-12-17","status":1,"title":"论充值的重要性"}
121723:32:02.742 [qtp240641494-19] DEBUG ValidatorService - loginUserId = 1
121723:32:03.267 [qtp240641494-19] DEBUG Connection - {conn-10001} connected
121723:32:03.287 [qtp240641494-19] DEBUG Connection - {conn-10002} connected
121723:32:03.302 [qtp240641494-19] DEBUG Connection - {conn-10003} connected
121723:32:03.315 [qtp240641494-19] DEBUG Connection - {conn-10004} connected
121723:32:03.333 [qtp240641494-19] INFO  DruidDataSource - {dataSource-1} inited
121723:32:03.341 [qtp240641494-19] DEBUG Connection - {conn-10004} pool-connect
121723:32:03.436 [qtp240641494-19] DEBUG Statement - {conn-10004, pstmt-20000} created. SELECT * FROM t_user WHERE user_id = ?
121723:32:03.444 [qtp240641494-19] DEBUG Statement - {conn-10004, pstmt-20000} Parameters : [1]
121723:32:03.445 [qtp240641494-19] DEBUG Statement - {conn-10004, pstmt-20000} Types : [INTEGER]
121723:32:03.453 [qtp240641494-19] ERROR Statement - {conn-10004, pstmt-20000} execute error. SELECT * FROM t_user WHERE user_id = ?
com.mysql.jdbc.exceptions.jdbc4.MySQLSyntaxErrorException: Table 'tropical_disease_research.t_user' doesn't exist
	at sun.reflect.NativeConstructorAccessorImpl.newInstance0(Native Method) ~[na:1.8.0_40]
	at sun.reflect.NativeConstructorAccessorImpl.newInstance(NativeConstructorAccessorImpl.java:62) ~[na:1.8.0_40]
	at sun.reflect.DelegatingConstructorAccessorImpl.newInstance(DelegatingConstructorAccessorImpl.java:45) ~[na:1.8.0_40]
	at java.lang.reflect.Constructor.newInstance(Constructor.java:422) ~[na:1.8.0_40]
	at com.mysql.jdbc.Util.handleNewInstance(Util.java:411) ~[mysql-connector-java-5.1.26.jar:na]
	at com.mysql.jdbc.Util.getInstance(Util.java:386) ~[mysql-connector-java-5.1.26.jar:na]
	at com.mysql.jdbc.SQLError.createSQLException(SQLError.java:1054) ~[mysql-connector-java-5.1.26.jar:na]
	at com.mysql.jdbc.MysqlIO.checkErrorPacket(MysqlIO.java:4190) ~[mysql-connector-java-5.1.26.jar:na]
	at com.mysql.jdbc.MysqlIO.checkErrorPacket(MysqlIO.java:4122) ~[mysql-connector-java-5.1.26.jar:na]
	at com.mysql.jdbc.MysqlIO.sendCommand(MysqlIO.java:2570) ~[mysql-connector-java-5.1.26.jar:na]
	at com.mysql.jdbc.MysqlIO.sqlQueryDirect(MysqlIO.java:2731) ~[mysql-connector-java-5.1.26.jar:na]
	at com.mysql.jdbc.ConnectionImpl.execSQL(ConnectionImpl.java:2818) ~[mysql-connector-java-5.1.26.jar:na]
	at com.mysql.jdbc.PreparedStatement.executeInternal(PreparedStatement.java:2157) ~[mysql-connector-java-5.1.26.jar:na]
	at com.mysql.jdbc.PreparedStatement.executeQuery(PreparedStatement.java:2324) ~[mysql-connector-java-5.1.26.jar:na]
	at com.alibaba.druid.filter.FilterChainImpl.preparedStatement_executeQuery(FilterChainImpl.java:2714) [druid-1.0.9.jar:1.0.9]
	at com.alibaba.druid.filter.FilterEventAdapter.preparedStatement_executeQuery(FilterEventAdapter.java:465) [druid-1.0.9.jar:1.0.9]
	at com.alibaba.druid.filter.FilterChainImpl.preparedStatement_executeQuery(FilterChainImpl.java:2711) [druid-1.0.9.jar:1.0.9]
	at com.alibaba.druid.filter.FilterEventAdapter.preparedStatement_executeQuery(FilterEventAdapter.java:465) [druid-1.0.9.jar:1.0.9]
	at com.alibaba.druid.filter.FilterChainImpl.preparedStatement_executeQuery(FilterChainImpl.java:2711) [druid-1.0.9.jar:1.0.9]
	at com.alibaba.druid.wall.WallFilter.preparedStatement_executeQuery(WallFilter.java:609) [druid-1.0.9.jar:1.0.9]
	at com.alibaba.druid.filter.FilterChainImpl.preparedStatement_executeQuery(FilterChainImpl.java:2711) [druid-1.0.9.jar:1.0.9]
	at com.alibaba.druid.proxy.jdbc.PreparedStatementProxyImpl.executeQuery(PreparedStatementProxyImpl.java:132) [druid-1.0.9.jar:1.0.9]
	at com.alibaba.druid.pool.DruidPooledPreparedStatement.executeQuery(DruidPooledPreparedStatement.java:227) [druid-1.0.9.jar:1.0.9]
	at org.springframework.jdbc.core.JdbcTemplate$1.doInPreparedStatement(JdbcTemplate.java:646) [spring-jdbc-3.2.7.RELEASE.jar:3.2.7.RELEASE]
	at org.springframework.jdbc.core.JdbcTemplate.execute(JdbcTemplate.java:589) [spring-jdbc-3.2.7.RELEASE.jar:3.2.7.RELEASE]
	at org.springframework.jdbc.core.JdbcTemplate.query(JdbcTemplate.java:639) [spring-jdbc-3.2.7.RELEASE.jar:3.2.7.RELEASE]
	at org.springframework.jdbc.core.JdbcTemplate.query(JdbcTemplate.java:668) [spring-jdbc-3.2.7.RELEASE.jar:3.2.7.RELEASE]
	at org.springframework.jdbc.core.JdbcTemplate.query(JdbcTemplate.java:676) [spring-jdbc-3.2.7.RELEASE.jar:3.2.7.RELEASE]
	at org.springframework.jdbc.core.JdbcTemplate.query(JdbcTemplate.java:720) [spring-jdbc-3.2.7.RELEASE.jar:3.2.7.RELEASE]
	at getUserInfoById(UserDao.java:71) [classes/:na]
	at getUserInfoById(UserService.java:27) [classes/:na]
	at team.t9001.saad.service.ValidatorService.validateAdminPermission(ValidatorService.java:62) [classes/:na]
	at team.t9001.saad.controller.ArticleController.addArticle(ArticleController.java:56) [classes/:na]
	at sun.reflect.NativeMethodAccessorImpl.invoke0(Native Method) ~[na:1.8.0_40]
	at sun.reflect.NativeMethodAccessorImpl.invoke(NativeMethodAccessorImpl.java:62) ~[na:1.8.0_40]
	at sun.reflect.DelegatingMethodAccessorImpl.invoke(DelegatingMethodAccessorImpl.java:43) ~[na:1.8.0_40]
	at java.lang.reflect.Method.invoke(Method.java:497) ~[na:1.8.0_40]
	at org.springframework.web.method.support.InvocableHandlerMethod.invoke(InvocableHandlerMethod.java:219) [spring-web-3.2.7.RELEASE.jar:3.2.7.RELEASE]
	at org.springframework.web.method.support.InvocableHandlerMethod.invokeForRequest(InvocableHandlerMethod.java:132) [spring-web-3.2.7.RELEASE.jar:3.2.7.RELEASE]
	at org.springframework.web.servlet.mvc.method.annotation.ServletInvocableHandlerMethod.invokeAndHandle(ServletInvocableHandlerMethod.java:104) [spring-webmvc-3.2.7.RELEASE.jar:3.2.7.RELEASE]
	at org.springframework.web.servlet.mvc.method.annotation.RequestMappingHandlerAdapter.invokeHandleMethod(RequestMappingHandlerAdapter.java:745) [spring-webmvc-3.2.7.RELEASE.jar:3.2.7.RELEASE]
	at org.springframework.web.servlet.mvc.method.annotation.RequestMappingHandlerAdapter.handleInternal(RequestMappingHandlerAdapter.java:686) [spring-webmvc-3.2.7.RELEASE.jar:3.2.7.RELEASE]
	at org.springframework.web.servlet.mvc.method.AbstractHandlerMethodAdapter.handle(AbstractHandlerMethodAdapter.java:80) [spring-webmvc-3.2.7.RELEASE.jar:3.2.7.RELEASE]
	at org.springframework.web.servlet.DispatcherServlet.doDispatch(DispatcherServlet.java:925) [spring-webmvc-3.2.7.RELEASE.jar:3.2.7.RELEASE]
	at org.springframework.web.servlet.DispatcherServlet.doService(DispatcherServlet.java:856) [spring-webmvc-3.2.7.RELEASE.jar:3.2.7.RELEASE]
	at org.springframework.web.servlet.FrameworkServlet.processRequest(FrameworkServlet.java:953) [spring-webmvc-3.2.7.RELEASE.jar:3.2.7.RELEASE]
	at org.springframework.web.servlet.FrameworkServlet.doPost(FrameworkServlet.java:855) [spring-webmvc-3.2.7.RELEASE.jar:3.2.7.RELEASE]
	at javax.servlet.http.HttpServlet.service(HttpServlet.java:755) [javax.servlet-3.0.0.v201112011016.jar:na]
	at org.springframework.web.servlet.FrameworkServlet.service(FrameworkServlet.java:829) [spring-webmvc-3.2.7.RELEASE.jar:3.2.7.RELEASE]
	at javax.servlet.http.HttpServlet.service(HttpServlet.java:848) [javax.servlet-3.0.0.v201112011016.jar:na]
	at org.eclipse.jetty.servlet.ServletHolder.handle(ServletHolder.java:684) [jetty-servlet-8.1.14.v20131031.jar:8.1.14.v20131031]
	at org.eclipse.jetty.servlet.ServletHandler$CachedChain.doFilter(ServletHandler.java:1496) [jetty-servlet-8.1.14.v20131031.jar:8.1.14.v20131031]
	at org.springframework.web.filter.CharacterEncodingFilter.doFilterInternal(CharacterEncodingFilter.java:88) [spring-web-3.2.7.RELEASE.jar:3.2.7.RELEASE]
	at org.springframework.web.filter.OncePerRequestFilter.doFilter(OncePerRequestFilter.java:107) [spring-web-3.2.7.RELEASE.jar:3.2.7.RELEASE]
	at org.eclipse.jetty.servlet.ServletHandler$CachedChain.doFilter(ServletHandler.java:1476) [jetty-servlet-8.1.14.v20131031.jar:8.1.14.v20131031]
	at org.eclipse.jetty.servlet.ServletHandler.doHandle(ServletHandler.java:499) [jetty-servlet-8.1.14.v20131031.jar:8.1.14.v20131031]
	at org.eclipse.jetty.server.handler.ScopedHandler.handle(ScopedHandler.java:137) [jetty-server-8.1.14.v20131031.jar:8.1.14.v20131031]
	at org.eclipse.jetty.security.SecurityHandler.handle(SecurityHandler.java:557) [jetty-security-8.1.14.v20131031.jar:8.1.14.v20131031]
	at org.eclipse.jetty.server.session.SessionHandler.doHandle(SessionHandler.java:231) [jetty-server-8.1.14.v20131031.jar:8.1.14.v20131031]
	at org.eclipse.jetty.server.handler.ContextHandler.doHandle(ContextHandler.java:1086) [jetty-server-8.1.14.v20131031.jar:8.1.14.v20131031]
	at org.eclipse.jetty.servlet.ServletHandler.doScope(ServletHandler.java:428) [jetty-servlet-8.1.14.v20131031.jar:8.1.14.v20131031]
	at org.eclipse.jetty.server.session.SessionHandler.doScope(SessionHandler.java:193) [jetty-server-8.1.14.v20131031.jar:8.1.14.v20131031]
	at org.eclipse.jetty.server.handler.ContextHandler.doScope(ContextHandler.java:1020) [jetty-server-8.1.14.v20131031.jar:8.1.14.v20131031]
	at org.eclipse.jetty.server.handler.ScopedHandler.handle(ScopedHandler.java:135) [jetty-server-8.1.14.v20131031.jar:8.1.14.v20131031]
	at org.eclipse.jetty.server.handler.ContextHandlerCollection.handle(ContextHandlerCollection.java:255) [jetty-server-8.1.14.v20131031.jar:8.1.14.v20131031]
	at org.eclipse.jetty.server.handler.HandlerCollection.handle(HandlerCollection.java:154) [jetty-server-8.1.14.v20131031.jar:8.1.14.v20131031]
	at org.eclipse.jetty.server.handler.HandlerWrapper.handle(HandlerWrapper.java:116) [jetty-server-8.1.14.v20131031.jar:8.1.14.v20131031]
	at org.eclipse.jetty.server.Server.handle(Server.java:370) [jetty-server-8.1.14.v20131031.jar:8.1.14.v20131031]
	at org.eclipse.jetty.server.AbstractHttpConnection.handleRequest(AbstractHttpConnection.java:494) [jetty-server-8.1.14.v20131031.jar:8.1.14.v20131031]
	at org.eclipse.jetty.server.AbstractHttpConnection.content(AbstractHttpConnection.java:982) [jetty-server-8.1.14.v20131031.jar:8.1.14.v20131031]
	at org.eclipse.jetty.server.AbstractHttpConnection$RequestHandler.content(AbstractHttpConnection.java:1043) [jetty-server-8.1.14.v20131031.jar:8.1.14.v20131031]
	at org.eclipse.jetty.http.HttpParser.parseNext(HttpParser.java:865) [jetty-http-8.1.14.v20131031.jar:8.1.14.v20131031]
	at org.eclipse.jetty.http.HttpParser.parseAvailable(HttpParser.java:240) [jetty-http-8.1.14.v20131031.jar:8.1.14.v20131031]
	at org.eclipse.jetty.server.AsyncHttpConnection.handle(AsyncHttpConnection.java:82) [jetty-server-8.1.14.v20131031.jar:8.1.14.v20131031]
	at org.eclipse.jetty.io.nio.SelectChannelEndPoint.handle(SelectChannelEndPoint.java:667) [jetty-io-8.1.14.v20131031.jar:8.1.14.v20131031]
	at org.eclipse.jetty.io.nio.SelectChannelEndPoint$1.run(SelectChannelEndPoint.java:52) [jetty-io-8.1.14.v20131031.jar:8.1.14.v20131031]
	at org.eclipse.jetty.util.thread.QueuedThreadPool.runJob(QueuedThreadPool.java:608) [jetty-util-8.1.14.v20131031.jar:8.1.14.v20131031]
	at org.eclipse.jetty.util.thread.QueuedThreadPool$3.run(QueuedThreadPool.java:543) [jetty-util-8.1.14.v20131031.jar:8.1.14.v20131031]
	at java.lang.Thread.run(Thread.java:745) [na:1.8.0_40]
121723:32:03.457 [qtp240641494-19] DEBUG Statement - {conn-10004, pstmt-20000} closed
121723:32:03.457 [qtp240641494-19] DEBUG Connection - {conn-10004} pool-recycle
121723:32:03.627 [qtp240641494-19] DEBUG Connection - {conn-10004} pool-connect
121723:32:03.628 [qtp240641494-19] DEBUG Connection - {conn-10004} pool-recycle
121723:34:11.943 [qtp404458571-21] DEBUG ArticleController - add article begin, article: {"articleId":0,"author":"马化腾","externalLink":"www.qq.com","publishTime":"2016-12-17","status":1,"title":"论充值的重要性"}
121723:34:11.947 [qtp404458571-21] DEBUG ValidatorService - loginUserId = 1
121723:34:12.505 [qtp404458571-21] DEBUG Connection - {conn-10001} connected
121723:34:12.522 [qtp404458571-21] DEBUG Connection - {conn-10002} connected
121723:34:12.539 [qtp404458571-21] DEBUG Connection - {conn-10003} connected
121723:34:12.554 [qtp404458571-21] DEBUG Connection - {conn-10004} connected
121723:34:12.570 [qtp404458571-21] INFO  DruidDataSource - {dataSource-1} inited
121723:34:12.577 [qtp404458571-21] DEBUG Connection - {conn-10004} pool-connect
121723:34:12.701 [qtp404458571-21] DEBUG Statement - {conn-10004, pstmt-20000} created. SELECT * FROM t_user_1 WHERE user_id = ?
121723:34:12.715 [qtp404458571-21] DEBUG Statement - {conn-10004, pstmt-20000} Parameters : [1]
121723:34:12.715 [qtp404458571-21] DEBUG Statement - {conn-10004, pstmt-20000} Types : [INTEGER]
121723:34:12.724 [qtp404458571-21] DEBUG Statement - {conn-10004, pstmt-20000, rs-50000} query executed. 14.982439 millis. SELECT * FROM t_user_1 WHERE user_id = ?
121723:34:12.724 [qtp404458571-21] DEBUG ResultSet - {conn-10004, pstmt-20000, rs-50000} open
121723:34:12.726 [qtp404458571-21] DEBUG ResultSet - {conn-10004, pstmt-20000, rs-50000} Header: [user_id, user_name, type, account, password, status, create_time, update_time]
121723:34:12.746 [qtp404458571-21] DEBUG ResultSet - {conn-10004, pstmt-20000, rs-50000} Result: [1, 黄哲, true, huangzhe, , true, 2016-12-17 22:37:10.0, 2016-12-17 22:38:00.0]
121723:34:12.751 [qtp404458571-21] DEBUG ResultSet - {conn-10004, pstmt-20000, rs-50000} closed
121723:34:12.752 [qtp404458571-21] DEBUG Statement - {conn-10004, pstmt-20000} closed
121723:34:12.757 [qtp404458571-21] DEBUG Connection - {conn-10004} pool-recycle
121723:34:12.853 [qtp404458571-21] DEBUG Connection - {conn-10004} pool-connect
121723:34:12.854 [qtp404458571-21] DEBUG Connection - {conn-10004} pool-recycle
121723:35:21.145 [qtp404458571-22] DEBUG ArticleController - add article begin, article: {"articleId":0,"author":"马化腾","externalLink":"www.qq.com","publishTime":"2016-12-17","status":1,"title":"论充值的重要性"}
121723:35:21.146 [qtp404458571-22] DEBUG ValidatorService - loginUserId = 1
121723:35:21.147 [qtp404458571-22] DEBUG Connection - {conn-10004} pool-connect
121723:35:21.149 [qtp404458571-22] DEBUG Statement - {conn-10004, pstmt-20001} created. SELECT * FROM t_user_1 WHERE user_id = ?
121723:35:21.149 [qtp404458571-22] DEBUG Statement - {conn-10004, pstmt-20001} Parameters : [1]
121723:35:21.149 [qtp404458571-22] DEBUG Statement - {conn-10004, pstmt-20001} Types : [INTEGER]
121723:35:21.150 [qtp404458571-22] DEBUG Statement - {conn-10004, pstmt-20001, rs-50001} query executed. 0.964605 millis. SELECT * FROM t_user_1 WHERE user_id = ?
121723:35:21.150 [qtp404458571-22] DEBUG ResultSet - {conn-10004, pstmt-20001, rs-50001} open
121723:35:21.151 [qtp404458571-22] DEBUG ResultSet - {conn-10004, pstmt-20001, rs-50001} Header: [user_id, username, type, account, password, status, create_time, update_time]
121723:35:21.152 [qtp404458571-22] DEBUG ResultSet - {conn-10004, pstmt-20001, rs-50001} Result: [1, 黄哲, true, huangzhe, , true, 2016-12-17 22:37:10.0, 2016-12-17 22:38:00.0]
121723:35:21.153 [qtp404458571-22] DEBUG ResultSet - {conn-10004, pstmt-20001, rs-50001} closed
121723:35:21.153 [qtp404458571-22] DEBUG Statement - {conn-10004, pstmt-20001} closed
121723:35:21.154 [qtp404458571-22] DEBUG Connection - {conn-10004} pool-recycle
121723:35:21.155 [qtp404458571-22] DEBUG Connection - {conn-10004} pool-connect
121723:35:21.165 [qtp404458571-22] DEBUG Statement - {conn-10004, pstmt-20002} created. INSERT INTO t_article (title, author, publish_time, external_link, status) VALUES (?, ?, ?, ?, ?)
121723:35:21.168 [qtp404458571-22] DEBUG Statement - {conn-10004, pstmt-20002} Parameters : [论充值的重要性, 马化腾, 2016-12-17, www.qq.com, 1]
121723:35:21.168 [qtp404458571-22] DEBUG Statement - {conn-10004, pstmt-20002} Types : [VARCHAR, VARCHAR, VARCHAR, VARCHAR, INTEGER]
121723:35:21.171 [qtp404458571-22] DEBUG Statement - {conn-10004, pstmt-20002} update executed. effort 1. 3.709665 millis. INSERT INTO t_article (title, author, publish_time, external_link, status) VALUES (?, ?, ?, ?, ?)
121723:35:21.173 [qtp404458571-22] DEBUG Statement - {conn-10004, pstmt-20002} closed
121723:35:21.174 [qtp404458571-22] DEBUG Connection - {conn-10004} pool-recycle
121723:35:21.174 [qtp404458571-22] INFO  ArticleController - add article success, article:{"articleId":0,"author":"马化腾","externalLink":"www.qq.com","publishTime":"2016-12-17","status":1,"title":"论充值的重要性"}.
121723:45:59.447 [qtp404458571-23] DEBUG ArticleController - add article begin, article: {"articleId":0,"author":"马 hTime=2016-12-17","externalLink":"www.qq.com","status":1,"title":"论充值的重要性"}
121723:45:59.450 [qtp404458571-23] DEBUG ValidatorService - loginUserId = 1
121723:45:59.452 [qtp404458571-23] DEBUG Connection - {conn-10004} pool-connect
121723:45:59.454 [qtp404458571-23] DEBUG Statement - {conn-10004, pstmt-20003} created. SELECT * FROM t_user_1 WHERE user_id = ?
121723:45:59.454 [qtp404458571-23] DEBUG Statement - {conn-10004, pstmt-20003} Parameters : [1]
121723:45:59.455 [qtp404458571-23] DEBUG Statement - {conn-10004, pstmt-20003} Types : [INTEGER]
121723:45:59.457 [qtp404458571-23] DEBUG Statement - {conn-10004, pstmt-20003, rs-50002} query executed. 2.658862 millis. SELECT * FROM t_user_1 WHERE user_id = ?
121723:45:59.457 [qtp404458571-23] DEBUG ResultSet - {conn-10004, pstmt-20003, rs-50002} open
121723:45:59.457 [qtp404458571-23] DEBUG ResultSet - {conn-10004, pstmt-20003, rs-50002} Header: [user_id, username, type, account, password, status, create_time, update_time]
121723:45:59.458 [qtp404458571-23] DEBUG ResultSet - {conn-10004, pstmt-20003, rs-50002} Result: [1, 黄哲, true, huangzhe, , true, 2016-12-17 22:37:10.0, 2016-12-17 22:38:00.0]
121723:45:59.458 [qtp404458571-23] DEBUG ResultSet - {conn-10004, pstmt-20003, rs-50002} closed
121723:45:59.458 [qtp404458571-23] DEBUG Statement - {conn-10004, pstmt-20003} closed
121723:45:59.458 [qtp404458571-23] DEBUG Connection - {conn-10004} pool-recycle
121723:45:59.458 [qtp404458571-23] DEBUG Connection - {conn-10004} pool-connect
121723:45:59.458 [qtp404458571-23] DEBUG Statement - {conn-10004, pstmt-20004} created. INSERT INTO t_article (title, author, publish_time, external_link, status) VALUES (?, ?, ?, ?, ?)
121723:45:59.461 [qtp404458571-23] DEBUG Statement - {conn-10004, pstmt-20004} Parameters : [论充值的重要性, 马 hTime=2016-12-17, NULL, www.qq.com, 1]
121723:45:59.461 [qtp404458571-23] DEBUG Statement - {conn-10004, pstmt-20004} Types : [VARCHAR, VARCHAR, NULL, VARCHAR, INTEGER]
121723:45:59.464 [qtp404458571-23] DEBUG Statement - {conn-10004, pstmt-20004} update executed. effort 1. 2.411778 millis. INSERT INTO t_article (title, author, publish_time, external_link, status) VALUES (?, ?, ?, ?, ?)
121723:45:59.464 [qtp404458571-23] DEBUG Statement - {conn-10004, pstmt-20004} closed
121723:45:59.464 [qtp404458571-23] DEBUG Connection - {conn-10004} pool-recycle
121723:45:59.464 [qtp404458571-23] INFO  ArticleController - add article success, article:{"articleId":0,"author":"马 hTime=2016-12-17","externalLink":"www.qq.com","status":1,"title":"论充值的重要性"}.
121723:47:27.668 [qtp404458571-20] DEBUG ArticleController - add article begin, article: {"articleId":0,"author":"马化腾","externalLink":"www.qq.com","publishTime":"2016-12-17","status":1,"title":"论充值的重要性"}
121723:47:27.669 [qtp404458571-20] DEBUG ValidatorService - loginUserId = null
121723:50:17.486 [qtp1594857799-24] DEBUG ArticleController - add article begin, article: {"articleId":0,"author":"马化腾","externalLink":"www.qq.com","publishTime":"2016-12-17","status":1,"title":"论充值的重要性"}
121723:50:39.698 [qtp855547146-20] DEBUG ArticleController - add article begin, article: {"articleId":0,"author":"马化腾","externalLink":"www.qq.com","publishTime":"2016-12-17","status":1,"title":"论充值的重要性"}
121723:50:39.702 [qtp855547146-20] WARN  ValidatorService - user not login.
121723:53:26.707 [qtp855547146-20] DEBUG ValidatorService - loginUserId = 1
121723:53:27.221 [qtp855547146-20] DEBUG Connection - {conn-10001} connected
121723:53:27.243 [qtp855547146-20] DEBUG Connection - {conn-10002} connected
121723:53:27.261 [qtp855547146-20] DEBUG Connection - {conn-10003} connected
121723:53:27.280 [qtp855547146-20] DEBUG Connection - {conn-10004} connected
121723:53:27.291 [qtp855547146-20] INFO  DruidDataSource - {dataSource-1} inited
121723:53:27.296 [qtp855547146-20] DEBUG Connection - {conn-10004} pool-connect
121723:53:27.394 [qtp855547146-20] DEBUG Statement - {conn-10004, pstmt-20000} created. SELECT * FROM t_user_1 WHERE user_id = ?
121723:53:27.401 [qtp855547146-20] DEBUG Statement - {conn-10004, pstmt-20000} Parameters : [1]
121723:53:27.401 [qtp855547146-20] DEBUG Statement - {conn-10004, pstmt-20000} Types : [INTEGER]
121723:53:27.404 [qtp855547146-20] DEBUG Statement - {conn-10004, pstmt-20000, rs-50000} query executed. 4.394903 millis. SELECT * FROM t_user_1 WHERE user_id = ?
121723:53:27.405 [qtp855547146-20] DEBUG ResultSet - {conn-10004, pstmt-20000, rs-50000} open
121723:53:27.406 [qtp855547146-20] DEBUG ResultSet - {conn-10004, pstmt-20000, rs-50000} Header: [user_id, username, type, account, password, status, create_time, update_time]
121723:53:27.414 [qtp855547146-20] DEBUG ResultSet - {conn-10004, pstmt-20000, rs-50000} Result: [1, 黄哲, true, huangzhe, , true, 2016-12-17 22:37:10.0, 2016-12-17 22:38:00.0]
121723:53:27.417 [qtp855547146-20] DEBUG ResultSet - {conn-10004, pstmt-20000, rs-50000} closed
121723:53:27.417 [qtp855547146-20] DEBUG Statement - {conn-10004, pstmt-20000} closed
121723:53:27.418 [qtp855547146-20] DEBUG Connection - {conn-10004} pool-recycle
121723:53:27.419 [qtp855547146-20] DEBUG Connection - {conn-10004} pool-connect
121723:53:27.421 [qtp855547146-20] DEBUG Statement - {conn-10004, pstmt-20001} created. UPDATE t_article SET title = ?, author = ?, publish_time = ?, external_link = ?, status = ?WHERE article_id = ?
121723:53:27.422 [qtp855547146-20] DEBUG Statement - {conn-10004, pstmt-20001} Parameters : [论充值的重要性1, 马化腾1, 2016-12-18, www.qq.com1, 1, 0]
121723:53:27.422 [qtp855547146-20] DEBUG Statement - {conn-10004, pstmt-20001} Types : [VARCHAR, VARCHAR, VARCHAR, VARCHAR, INTEGER, INTEGER]
121723:53:27.429 [qtp855547146-20] ERROR Statement - {conn-10004, pstmt-20001} execute error. UPDATE t_article SET title = ?, author = ?, publish_time = ?, external_link = ?, status = ?WHERE article_id = ?
com.mysql.jdbc.exceptions.jdbc4.MySQLSyntaxErrorException: You have an error in your SQL syntax; check the manual that corresponds to your MySQL server version for the right syntax to use near 'article_id = 0' at line 1
	at sun.reflect.NativeConstructorAccessorImpl.newInstance0(Native Method) ~[na:1.8.0_40]
	at sun.reflect.NativeConstructorAccessorImpl.newInstance(NativeConstructorAccessorImpl.java:62) ~[na:1.8.0_40]
	at sun.reflect.DelegatingConstructorAccessorImpl.newInstance(DelegatingConstructorAccessorImpl.java:45) ~[na:1.8.0_40]
	at java.lang.reflect.Constructor.newInstance(Constructor.java:422) ~[na:1.8.0_40]
	at com.mysql.jdbc.Util.handleNewInstance(Util.java:411) ~[mysql-connector-java-5.1.26.jar:na]
	at com.mysql.jdbc.Util.getInstance(Util.java:386) ~[mysql-connector-java-5.1.26.jar:na]
	at com.mysql.jdbc.SQLError.createSQLException(SQLError.java:1054) ~[mysql-connector-java-5.1.26.jar:na]
	at com.mysql.jdbc.MysqlIO.checkErrorPacket(MysqlIO.java:4190) ~[mysql-connector-java-5.1.26.jar:na]
	at com.mysql.jdbc.MysqlIO.checkErrorPacket(MysqlIO.java:4122) ~[mysql-connector-java-5.1.26.jar:na]
	at com.mysql.jdbc.MysqlIO.sendCommand(MysqlIO.java:2570) ~[mysql-connector-java-5.1.26.jar:na]
	at com.mysql.jdbc.MysqlIO.sqlQueryDirect(MysqlIO.java:2731) ~[mysql-connector-java-5.1.26.jar:na]
	at com.mysql.jdbc.ConnectionImpl.execSQL(ConnectionImpl.java:2818) ~[mysql-connector-java-5.1.26.jar:na]
	at com.mysql.jdbc.PreparedStatement.executeInternal(PreparedStatement.java:2157) ~[mysql-connector-java-5.1.26.jar:na]
	at com.mysql.jdbc.PreparedStatement.executeUpdate(PreparedStatement.java:2460) ~[mysql-connector-java-5.1.26.jar:na]
	at com.mysql.jdbc.PreparedStatement.executeUpdate(PreparedStatement.java:2377) ~[mysql-connector-java-5.1.26.jar:na]
	at com.mysql.jdbc.PreparedStatement.executeUpdate(PreparedStatement.java:2361) ~[mysql-connector-java-5.1.26.jar:na]
	at com.alibaba.druid.filter.FilterChainImpl.preparedStatement_executeUpdate(FilterChainImpl.java:2723) [druid-1.0.9.jar:1.0.9]
	at com.alibaba.druid.filter.FilterAdapter.preparedStatement_executeUpdate(FilterAdapter.java:1069) [druid-1.0.9.jar:1.0.9]
	at com.alibaba.druid.filter.FilterEventAdapter.preparedStatement_executeUpdate(FilterEventAdapter.java:491) [druid-1.0.9.jar:1.0.9]
	at com.alibaba.druid.filter.FilterChainImpl.preparedStatement_executeUpdate(FilterChainImpl.java:2721) [druid-1.0.9.jar:1.0.9]
	at com.alibaba.druid.filter.FilterAdapter.preparedStatement_executeUpdate(FilterAdapter.java:1069) [druid-1.0.9.jar:1.0.9]
	at com.alibaba.druid.filter.FilterEventAdapter.preparedStatement_executeUpdate(FilterEventAdapter.java:491) [druid-1.0.9.jar:1.0.9]
	at com.alibaba.druid.filter.FilterChainImpl.preparedStatement_executeUpdate(FilterChainImpl.java:2721) [druid-1.0.9.jar:1.0.9]
	at com.alibaba.druid.wall.WallFilter.preparedStatement_executeUpdate(WallFilter.java:621) [druid-1.0.9.jar:1.0.9]
	at com.alibaba.druid.filter.FilterChainImpl.preparedStatement_executeUpdate(FilterChainImpl.java:2721) [druid-1.0.9.jar:1.0.9]
	at com.alibaba.druid.proxy.jdbc.PreparedStatementProxyImpl.executeUpdate(PreparedStatementProxyImpl.java:145) [druid-1.0.9.jar:1.0.9]
	at com.alibaba.druid.pool.DruidPooledPreparedStatement.executeUpdate(DruidPooledPreparedStatement.java:253) [druid-1.0.9.jar:1.0.9]
	at org.springframework.jdbc.core.JdbcTemplate$2.doInPreparedStatement(JdbcTemplate.java:824) [spring-jdbc-3.2.7.RELEASE.jar:3.2.7.RELEASE]
	at org.springframework.jdbc.core.JdbcTemplate$2.doInPreparedStatement(JdbcTemplate.java:818) [spring-jdbc-3.2.7.RELEASE.jar:3.2.7.RELEASE]
	at org.springframework.jdbc.core.JdbcTemplate.execute(JdbcTemplate.java:589) [spring-jdbc-3.2.7.RELEASE.jar:3.2.7.RELEASE]
	at org.springframework.jdbc.core.JdbcTemplate.update(JdbcTemplate.java:818) [spring-jdbc-3.2.7.RELEASE.jar:3.2.7.RELEASE]
	at org.springframework.jdbc.core.JdbcTemplate.update(JdbcTemplate.java:874) [spring-jdbc-3.2.7.RELEASE.jar:3.2.7.RELEASE]
	at org.springframework.jdbc.core.JdbcTemplate.update(JdbcTemplate.java:882) [spring-jdbc-3.2.7.RELEASE.jar:3.2.7.RELEASE]
	at team.t9001.saad.dao.ArticleDao.modifyArticle(ArticleDao.java:71) [classes/:na]
	at team.t9001.saad.service.ArticleService.modifyArticle(ArticleService.java:50) [classes/:na]
	at team.t9001.saad.controller.ArticleController.modifyArticle(ArticleController.java:136) [classes/:na]
	at sun.reflect.NativeMethodAccessorImpl.invoke0(Native Method) ~[na:1.8.0_40]
	at sun.reflect.NativeMethodAccessorImpl.invoke(NativeMethodAccessorImpl.java:62) ~[na:1.8.0_40]
	at sun.reflect.DelegatingMethodAccessorImpl.invoke(DelegatingMethodAccessorImpl.java:43) ~[na:1.8.0_40]
	at java.lang.reflect.Method.invoke(Method.java:497) ~[na:1.8.0_40]
	at org.springframework.web.method.support.InvocableHandlerMethod.invoke(InvocableHandlerMethod.java:219) [spring-web-3.2.7.RELEASE.jar:3.2.7.RELEASE]
	at org.springframework.web.method.support.InvocableHandlerMethod.invokeForRequest(InvocableHandlerMethod.java:132) [spring-web-3.2.7.RELEASE.jar:3.2.7.RELEASE]
	at org.springframework.web.servlet.mvc.method.annotation.ServletInvocableHandlerMethod.invokeAndHandle(ServletInvocableHandlerMethod.java:104) [spring-webmvc-3.2.7.RELEASE.jar:3.2.7.RELEASE]
	at org.springframework.web.servlet.mvc.method.annotation.RequestMappingHandlerAdapter.invokeHandleMethod(RequestMappingHandlerAdapter.java:745) [spring-webmvc-3.2.7.RELEASE.jar:3.2.7.RELEASE]
	at org.springframework.web.servlet.mvc.method.annotation.RequestMappingHandlerAdapter.handleInternal(RequestMappingHandlerAdapter.java:686) [spring-webmvc-3.2.7.RELEASE.jar:3.2.7.RELEASE]
	at org.springframework.web.servlet.mvc.method.AbstractHandlerMethodAdapter.handle(AbstractHandlerMethodAdapter.java:80) [spring-webmvc-3.2.7.RELEASE.jar:3.2.7.RELEASE]
	at org.springframework.web.servlet.DispatcherServlet.doDispatch(DispatcherServlet.java:925) [spring-webmvc-3.2.7.RELEASE.jar:3.2.7.RELEASE]
	at org.springframework.web.servlet.DispatcherServlet.doService(DispatcherServlet.java:856) [spring-webmvc-3.2.7.RELEASE.jar:3.2.7.RELEASE]
	at org.springframework.web.servlet.FrameworkServlet.processRequest(FrameworkServlet.java:953) [spring-webmvc-3.2.7.RELEASE.jar:3.2.7.RELEASE]
	at org.springframework.web.servlet.FrameworkServlet.doPost(FrameworkServlet.java:855) [spring-webmvc-3.2.7.RELEASE.jar:3.2.7.RELEASE]
	at javax.servlet.http.HttpServlet.service(HttpServlet.java:755) [javax.servlet-3.0.0.v201112011016.jar:na]
	at org.springframework.web.servlet.FrameworkServlet.service(FrameworkServlet.java:829) [spring-webmvc-3.2.7.RELEASE.jar:3.2.7.RELEASE]
	at javax.servlet.http.HttpServlet.service(HttpServlet.java:848) [javax.servlet-3.0.0.v201112011016.jar:na]
	at org.eclipse.jetty.servlet.ServletHolder.handle(ServletHolder.java:684) [jetty-servlet-8.1.14.v20131031.jar:8.1.14.v20131031]
	at org.eclipse.jetty.servlet.ServletHandler$CachedChain.doFilter(ServletHandler.java:1496) [jetty-servlet-8.1.14.v20131031.jar:8.1.14.v20131031]
	at org.springframework.web.filter.CharacterEncodingFilter.doFilterInternal(CharacterEncodingFilter.java:88) [spring-web-3.2.7.RELEASE.jar:3.2.7.RELEASE]
	at org.springframework.web.filter.OncePerRequestFilter.doFilter(OncePerRequestFilter.java:107) [spring-web-3.2.7.RELEASE.jar:3.2.7.RELEASE]
	at org.eclipse.jetty.servlet.ServletHandler$CachedChain.doFilter(ServletHandler.java:1476) [jetty-servlet-8.1.14.v20131031.jar:8.1.14.v20131031]
	at org.eclipse.jetty.servlet.ServletHandler.doHandle(ServletHandler.java:499) [jetty-servlet-8.1.14.v20131031.jar:8.1.14.v20131031]
	at org.eclipse.jetty.server.handler.ScopedHandler.handle(ScopedHandler.java:137) [jetty-server-8.1.14.v20131031.jar:8.1.14.v20131031]
	at org.eclipse.jetty.security.SecurityHandler.handle(SecurityHandler.java:557) [jetty-security-8.1.14.v20131031.jar:8.1.14.v20131031]
	at org.eclipse.jetty.server.session.SessionHandler.doHandle(SessionHandler.java:231) [jetty-server-8.1.14.v20131031.jar:8.1.14.v20131031]
	at org.eclipse.jetty.server.handler.ContextHandler.doHandle(ContextHandler.java:1086) [jetty-server-8.1.14.v20131031.jar:8.1.14.v20131031]
	at org.eclipse.jetty.servlet.ServletHandler.doScope(ServletHandler.java:428) [jetty-servlet-8.1.14.v20131031.jar:8.1.14.v20131031]
	at org.eclipse.jetty.server.session.SessionHandler.doScope(SessionHandler.java:193) [jetty-server-8.1.14.v20131031.jar:8.1.14.v20131031]
	at org.eclipse.jetty.server.handler.ContextHandler.doScope(ContextHandler.java:1020) [jetty-server-8.1.14.v20131031.jar:8.1.14.v20131031]
	at org.eclipse.jetty.server.handler.ScopedHandler.handle(ScopedHandler.java:135) [jetty-server-8.1.14.v20131031.jar:8.1.14.v20131031]
	at org.eclipse.jetty.server.handler.ContextHandlerCollection.handle(ContextHandlerCollection.java:255) [jetty-server-8.1.14.v20131031.jar:8.1.14.v20131031]
	at org.eclipse.jetty.server.handler.HandlerCollection.handle(HandlerCollection.java:154) [jetty-server-8.1.14.v20131031.jar:8.1.14.v20131031]
	at org.eclipse.jetty.server.handler.HandlerWrapper.handle(HandlerWrapper.java:116) [jetty-server-8.1.14.v20131031.jar:8.1.14.v20131031]
	at org.eclipse.jetty.server.Server.handle(Server.java:370) [jetty-server-8.1.14.v20131031.jar:8.1.14.v20131031]
	at org.eclipse.jetty.server.AbstractHttpConnection.handleRequest(AbstractHttpConnection.java:494) [jetty-server-8.1.14.v20131031.jar:8.1.14.v20131031]
	at org.eclipse.jetty.server.AbstractHttpConnection.content(AbstractHttpConnection.java:982) [jetty-server-8.1.14.v20131031.jar:8.1.14.v20131031]
	at org.eclipse.jetty.server.AbstractHttpConnection$RequestHandler.content(AbstractHttpConnection.java:1043) [jetty-server-8.1.14.v20131031.jar:8.1.14.v20131031]
	at org.eclipse.jetty.http.HttpParser.parseNext(HttpParser.java:865) [jetty-http-8.1.14.v20131031.jar:8.1.14.v20131031]
	at org.eclipse.jetty.http.HttpParser.parseAvailable(HttpParser.java:240) [jetty-http-8.1.14.v20131031.jar:8.1.14.v20131031]
	at org.eclipse.jetty.server.AsyncHttpConnection.handle(AsyncHttpConnection.java:82) [jetty-server-8.1.14.v20131031.jar:8.1.14.v20131031]
	at org.eclipse.jetty.io.nio.SelectChannelEndPoint.handle(SelectChannelEndPoint.java:667) [jetty-io-8.1.14.v20131031.jar:8.1.14.v20131031]
	at org.eclipse.jetty.io.nio.SelectChannelEndPoint$1.run(SelectChannelEndPoint.java:52) [jetty-io-8.1.14.v20131031.jar:8.1.14.v20131031]
	at org.eclipse.jetty.util.thread.QueuedThreadPool.runJob(QueuedThreadPool.java:608) [jetty-util-8.1.14.v20131031.jar:8.1.14.v20131031]
	at org.eclipse.jetty.util.thread.QueuedThreadPool$3.run(QueuedThreadPool.java:543) [jetty-util-8.1.14.v20131031.jar:8.1.14.v20131031]
	at java.lang.Thread.run(Thread.java:745) [na:1.8.0_40]
121723:53:27.430 [qtp855547146-20] DEBUG Statement - {conn-10004, pstmt-20001} closed
121723:53:27.431 [qtp855547146-20] DEBUG Connection - {conn-10004} pool-recycle
121723:53:27.521 [qtp855547146-20] DEBUG Connection - {conn-10004} pool-connect
121723:53:27.523 [qtp855547146-20] DEBUG Connection - {conn-10004} pool-recycle
121723:54:27.827 [qtp855547146-17] DEBUG ValidatorService - loginUserId = 1
121723:54:27.829 [qtp855547146-17] DEBUG Connection - {conn-10004} pool-connect
121723:54:27.830 [qtp855547146-17] DEBUG Statement - {conn-10004, pstmt-20002} created. SELECT * FROM t_user_1 WHERE user_id = ?
121723:54:27.830 [qtp855547146-17] DEBUG Statement - {conn-10004, pstmt-20002} Parameters : [1]
121723:54:27.830 [qtp855547146-17] DEBUG Statement - {conn-10004, pstmt-20002} Types : [INTEGER]
121723:54:27.831 [qtp855547146-17] DEBUG Statement - {conn-10004, pstmt-20002, rs-50001} query executed. 0.750484 millis. SELECT * FROM t_user_1 WHERE user_id = ?
121723:54:27.831 [qtp855547146-17] DEBUG ResultSet - {conn-10004, pstmt-20002, rs-50001} open
121723:54:27.831 [qtp855547146-17] DEBUG ResultSet - {conn-10004, pstmt-20002, rs-50001} Header: [user_id, username, type, account, password, status, create_time, update_time]
121723:54:27.832 [qtp855547146-17] DEBUG ResultSet - {conn-10004, pstmt-20002, rs-50001} Result: [1, 黄哲, true, huangzhe, , true, 2016-12-17 22:37:10.0, 2016-12-17 22:38:00.0]
121723:54:27.832 [qtp855547146-17] DEBUG ResultSet - {conn-10004, pstmt-20002, rs-50001} closed
121723:54:27.832 [qtp855547146-17] DEBUG Statement - {conn-10004, pstmt-20002} closed
121723:54:27.832 [qtp855547146-17] DEBUG Connection - {conn-10004} pool-recycle
121723:54:27.832 [qtp855547146-17] DEBUG Connection - {conn-10004} pool-connect
121723:54:27.833 [qtp855547146-17] DEBUG Statement - {conn-10004, pstmt-20003} created. UPDATE t_article SET title = ?, author = ?, publish_time = ?, external_link = ?, status = ?WHERE article_id = ?
121723:54:27.833 [qtp855547146-17] DEBUG Statement - {conn-10004, pstmt-20003} Parameters : [论充值的重要性1, 马化腾1, 2016-12-18, www.qq.com1, 1, 0]
121723:54:27.833 [qtp855547146-17] DEBUG Statement - {conn-10004, pstmt-20003} Types : [VARCHAR, VARCHAR, VARCHAR, VARCHAR, INTEGER, INTEGER]
121723:54:27.836 [qtp855547146-17] ERROR Statement - {conn-10004, pstmt-20003} execute error. UPDATE t_article SET title = ?, author = ?, publish_time = ?, external_link = ?, status = ?WHERE article_id = ?
com.mysql.jdbc.exceptions.jdbc4.MySQLSyntaxErrorException: You have an error in your SQL syntax; check the manual that corresponds to your MySQL server version for the right syntax to use near 'article_id = 0' at line 1
	at sun.reflect.NativeConstructorAccessorImpl.newInstance0(Native Method) ~[na:1.8.0_40]
	at sun.reflect.NativeConstructorAccessorImpl.newInstance(NativeConstructorAccessorImpl.java:62) ~[na:1.8.0_40]
	at sun.reflect.DelegatingConstructorAccessorImpl.newInstance(DelegatingConstructorAccessorImpl.java:45) ~[na:1.8.0_40]
	at java.lang.reflect.Constructor.newInstance(Constructor.java:422) ~[na:1.8.0_40]
	at com.mysql.jdbc.Util.handleNewInstance(Util.java:411) ~[mysql-connector-java-5.1.26.jar:na]
	at com.mysql.jdbc.Util.getInstance(Util.java:386) ~[mysql-connector-java-5.1.26.jar:na]
	at com.mysql.jdbc.SQLError.createSQLException(SQLError.java:1054) ~[mysql-connector-java-5.1.26.jar:na]
	at com.mysql.jdbc.MysqlIO.checkErrorPacket(MysqlIO.java:4190) ~[mysql-connector-java-5.1.26.jar:na]
	at com.mysql.jdbc.MysqlIO.checkErrorPacket(MysqlIO.java:4122) ~[mysql-connector-java-5.1.26.jar:na]
	at com.mysql.jdbc.MysqlIO.sendCommand(MysqlIO.java:2570) ~[mysql-connector-java-5.1.26.jar:na]
	at com.mysql.jdbc.MysqlIO.sqlQueryDirect(MysqlIO.java:2731) ~[mysql-connector-java-5.1.26.jar:na]
	at com.mysql.jdbc.ConnectionImpl.execSQL(ConnectionImpl.java:2818) ~[mysql-connector-java-5.1.26.jar:na]
	at com.mysql.jdbc.PreparedStatement.executeInternal(PreparedStatement.java:2157) ~[mysql-connector-java-5.1.26.jar:na]
	at com.mysql.jdbc.PreparedStatement.executeUpdate(PreparedStatement.java:2460) ~[mysql-connector-java-5.1.26.jar:na]
	at com.mysql.jdbc.PreparedStatement.executeUpdate(PreparedStatement.java:2377) ~[mysql-connector-java-5.1.26.jar:na]
	at com.mysql.jdbc.PreparedStatement.executeUpdate(PreparedStatement.java:2361) ~[mysql-connector-java-5.1.26.jar:na]
	at com.alibaba.druid.filter.FilterChainImpl.preparedStatement_executeUpdate(FilterChainImpl.java:2723) [druid-1.0.9.jar:1.0.9]
	at com.alibaba.druid.filter.FilterAdapter.preparedStatement_executeUpdate(FilterAdapter.java:1069) [druid-1.0.9.jar:1.0.9]
	at com.alibaba.druid.filter.FilterEventAdapter.preparedStatement_executeUpdate(FilterEventAdapter.java:491) [druid-1.0.9.jar:1.0.9]
	at com.alibaba.druid.filter.FilterChainImpl.preparedStatement_executeUpdate(FilterChainImpl.java:2721) [druid-1.0.9.jar:1.0.9]
	at com.alibaba.druid.filter.FilterAdapter.preparedStatement_executeUpdate(FilterAdapter.java:1069) [druid-1.0.9.jar:1.0.9]
	at com.alibaba.druid.filter.FilterEventAdapter.preparedStatement_executeUpdate(FilterEventAdapter.java:491) [druid-1.0.9.jar:1.0.9]
	at com.alibaba.druid.filter.FilterChainImpl.preparedStatement_executeUpdate(FilterChainImpl.java:2721) [druid-1.0.9.jar:1.0.9]
	at com.alibaba.druid.wall.WallFilter.preparedStatement_executeUpdate(WallFilter.java:621) [druid-1.0.9.jar:1.0.9]
	at com.alibaba.druid.filter.FilterChainImpl.preparedStatement_executeUpdate(FilterChainImpl.java:2721) [druid-1.0.9.jar:1.0.9]
	at com.alibaba.druid.proxy.jdbc.PreparedStatementProxyImpl.executeUpdate(PreparedStatementProxyImpl.java:145) [druid-1.0.9.jar:1.0.9]
	at com.alibaba.druid.pool.DruidPooledPreparedStatement.executeUpdate(DruidPooledPreparedStatement.java:253) [druid-1.0.9.jar:1.0.9]
	at org.springframework.jdbc.core.JdbcTemplate$2.doInPreparedStatement(JdbcTemplate.java:824) [spring-jdbc-3.2.7.RELEASE.jar:3.2.7.RELEASE]
	at org.springframework.jdbc.core.JdbcTemplate$2.doInPreparedStatement(JdbcTemplate.java:818) [spring-jdbc-3.2.7.RELEASE.jar:3.2.7.RELEASE]
	at org.springframework.jdbc.core.JdbcTemplate.execute(JdbcTemplate.java:589) [spring-jdbc-3.2.7.RELEASE.jar:3.2.7.RELEASE]
	at org.springframework.jdbc.core.JdbcTemplate.update(JdbcTemplate.java:818) [spring-jdbc-3.2.7.RELEASE.jar:3.2.7.RELEASE]
	at org.springframework.jdbc.core.JdbcTemplate.update(JdbcTemplate.java:874) [spring-jdbc-3.2.7.RELEASE.jar:3.2.7.RELEASE]
	at org.springframework.jdbc.core.JdbcTemplate.update(JdbcTemplate.java:882) [spring-jdbc-3.2.7.RELEASE.jar:3.2.7.RELEASE]
	at team.t9001.saad.dao.ArticleDao.modifyArticle(ArticleDao.java:71) [classes/:na]
	at team.t9001.saad.service.ArticleService.modifyArticle(ArticleService.java:50) [classes/:na]
	at team.t9001.saad.controller.ArticleController.modifyArticle(ArticleController.java:136) [classes/:na]
	at sun.reflect.NativeMethodAccessorImpl.invoke0(Native Method) ~[na:1.8.0_40]
	at sun.reflect.NativeMethodAccessorImpl.invoke(NativeMethodAccessorImpl.java:62) ~[na:1.8.0_40]
	at sun.reflect.DelegatingMethodAccessorImpl.invoke(DelegatingMethodAccessorImpl.java:43) ~[na:1.8.0_40]
	at java.lang.reflect.Method.invoke(Method.java:497) ~[na:1.8.0_40]
	at org.springframework.web.method.support.InvocableHandlerMethod.invoke(InvocableHandlerMethod.java:219) [spring-web-3.2.7.RELEASE.jar:3.2.7.RELEASE]
	at org.springframework.web.method.support.InvocableHandlerMethod.invokeForRequest(InvocableHandlerMethod.java:132) [spring-web-3.2.7.RELEASE.jar:3.2.7.RELEASE]
	at org.springframework.web.servlet.mvc.method.annotation.ServletInvocableHandlerMethod.invokeAndHandle(ServletInvocableHandlerMethod.java:104) [spring-webmvc-3.2.7.RELEASE.jar:3.2.7.RELEASE]
	at org.springframework.web.servlet.mvc.method.annotation.RequestMappingHandlerAdapter.invokeHandleMethod(RequestMappingHandlerAdapter.java:745) [spring-webmvc-3.2.7.RELEASE.jar:3.2.7.RELEASE]
	at org.springframework.web.servlet.mvc.method.annotation.RequestMappingHandlerAdapter.handleInternal(RequestMappingHandlerAdapter.java:686) [spring-webmvc-3.2.7.RELEASE.jar:3.2.7.RELEASE]
	at org.springframework.web.servlet.mvc.method.AbstractHandlerMethodAdapter.handle(AbstractHandlerMethodAdapter.java:80) [spring-webmvc-3.2.7.RELEASE.jar:3.2.7.RELEASE]
	at org.springframework.web.servlet.DispatcherServlet.doDispatch(DispatcherServlet.java:925) [spring-webmvc-3.2.7.RELEASE.jar:3.2.7.RELEASE]
	at org.springframework.web.servlet.DispatcherServlet.doService(DispatcherServlet.java:856) [spring-webmvc-3.2.7.RELEASE.jar:3.2.7.RELEASE]
	at org.springframework.web.servlet.FrameworkServlet.processRequest(FrameworkServlet.java:953) [spring-webmvc-3.2.7.RELEASE.jar:3.2.7.RELEASE]
	at org.springframework.web.servlet.FrameworkServlet.doPost(FrameworkServlet.java:855) [spring-webmvc-3.2.7.RELEASE.jar:3.2.7.RELEASE]
	at javax.servlet.http.HttpServlet.service(HttpServlet.java:755) [javax.servlet-3.0.0.v201112011016.jar:na]
	at org.springframework.web.servlet.FrameworkServlet.service(FrameworkServlet.java:829) [spring-webmvc-3.2.7.RELEASE.jar:3.2.7.RELEASE]
	at javax.servlet.http.HttpServlet.service(HttpServlet.java:848) [javax.servlet-3.0.0.v201112011016.jar:na]
	at org.eclipse.jetty.servlet.ServletHolder.handle(ServletHolder.java:684) [jetty-servlet-8.1.14.v20131031.jar:8.1.14.v20131031]
	at org.eclipse.jetty.servlet.ServletHandler$CachedChain.doFilter(ServletHandler.java:1496) [jetty-servlet-8.1.14.v20131031.jar:8.1.14.v20131031]
	at org.springframework.web.filter.CharacterEncodingFilter.doFilterInternal(CharacterEncodingFilter.java:88) [spring-web-3.2.7.RELEASE.jar:3.2.7.RELEASE]
	at org.springframework.web.filter.OncePerRequestFilter.doFilter(OncePerRequestFilter.java:107) [spring-web-3.2.7.RELEASE.jar:3.2.7.RELEASE]
	at org.eclipse.jetty.servlet.ServletHandler$CachedChain.doFilter(ServletHandler.java:1476) [jetty-servlet-8.1.14.v20131031.jar:8.1.14.v20131031]
	at org.eclipse.jetty.servlet.ServletHandler.doHandle(ServletHandler.java:499) [jetty-servlet-8.1.14.v20131031.jar:8.1.14.v20131031]
	at org.eclipse.jetty.server.handler.ScopedHandler.handle(ScopedHandler.java:137) [jetty-server-8.1.14.v20131031.jar:8.1.14.v20131031]
	at org.eclipse.jetty.security.SecurityHandler.handle(SecurityHandler.java:557) [jetty-security-8.1.14.v20131031.jar:8.1.14.v20131031]
	at org.eclipse.jetty.server.session.SessionHandler.doHandle(SessionHandler.java:231) [jetty-server-8.1.14.v20131031.jar:8.1.14.v20131031]
	at org.eclipse.jetty.server.handler.ContextHandler.doHandle(ContextHandler.java:1086) [jetty-server-8.1.14.v20131031.jar:8.1.14.v20131031]
	at org.eclipse.jetty.servlet.ServletHandler.doScope(ServletHandler.java:428) [jetty-servlet-8.1.14.v20131031.jar:8.1.14.v20131031]
	at org.eclipse.jetty.server.session.SessionHandler.doScope(SessionHandler.java:193) [jetty-server-8.1.14.v20131031.jar:8.1.14.v20131031]
	at org.eclipse.jetty.server.handler.ContextHandler.doScope(ContextHandler.java:1020) [jetty-server-8.1.14.v20131031.jar:8.1.14.v20131031]
	at org.eclipse.jetty.server.handler.ScopedHandler.handle(ScopedHandler.java:135) [jetty-server-8.1.14.v20131031.jar:8.1.14.v20131031]
	at org.eclipse.jetty.server.handler.ContextHandlerCollection.handle(ContextHandlerCollection.java:255) [jetty-server-8.1.14.v20131031.jar:8.1.14.v20131031]
	at org.eclipse.jetty.server.handler.HandlerCollection.handle(HandlerCollection.java:154) [jetty-server-8.1.14.v20131031.jar:8.1.14.v20131031]
	at org.eclipse.jetty.server.handler.HandlerWrapper.handle(HandlerWrapper.java:116) [jetty-server-8.1.14.v20131031.jar:8.1.14.v20131031]
	at org.eclipse.jetty.server.Server.handle(Server.java:370) [jetty-server-8.1.14.v20131031.jar:8.1.14.v20131031]
	at org.eclipse.jetty.server.AbstractHttpConnection.handleRequest(AbstractHttpConnection.java:494) [jetty-server-8.1.14.v20131031.jar:8.1.14.v20131031]
	at org.eclipse.jetty.server.AbstractHttpConnection.content(AbstractHttpConnection.java:982) [jetty-server-8.1.14.v20131031.jar:8.1.14.v20131031]
	at org.eclipse.jetty.server.AbstractHttpConnection$RequestHandler.content(AbstractHttpConnection.java:1043) [jetty-server-8.1.14.v20131031.jar:8.1.14.v20131031]
	at org.eclipse.jetty.http.HttpParser.parseNext(HttpParser.java:865) [jetty-http-8.1.14.v20131031.jar:8.1.14.v20131031]
	at org.eclipse.jetty.http.HttpParser.parseAvailable(HttpParser.java:240) [jetty-http-8.1.14.v20131031.jar:8.1.14.v20131031]
	at org.eclipse.jetty.server.AsyncHttpConnection.handle(AsyncHttpConnection.java:82) [jetty-server-8.1.14.v20131031.jar:8.1.14.v20131031]
	at org.eclipse.jetty.io.nio.SelectChannelEndPoint.handle(SelectChannelEndPoint.java:667) [jetty-io-8.1.14.v20131031.jar:8.1.14.v20131031]
	at org.eclipse.jetty.io.nio.SelectChannelEndPoint$1.run(SelectChannelEndPoint.java:52) [jetty-io-8.1.14.v20131031.jar:8.1.14.v20131031]
	at org.eclipse.jetty.util.thread.QueuedThreadPool.runJob(QueuedThreadPool.java:608) [jetty-util-8.1.14.v20131031.jar:8.1.14.v20131031]
	at org.eclipse.jetty.util.thread.QueuedThreadPool$3.run(QueuedThreadPool.java:543) [jetty-util-8.1.14.v20131031.jar:8.1.14.v20131031]
	at java.lang.Thread.run(Thread.java:745) [na:1.8.0_40]
121723:54:27.837 [qtp855547146-17] DEBUG Statement - {conn-10004, pstmt-20003} closed
121723:54:27.837 [qtp855547146-17] DEBUG Connection - {conn-10004} pool-recycle
121723:55:44.828 [qtp1219553025-19] DEBUG ValidatorService - loginUserId = 1
121723:55:45.242 [qtp1219553025-19] DEBUG Connection - {conn-10001} connected
121723:55:45.255 [qtp1219553025-19] DEBUG Connection - {conn-10002} connected
121723:55:45.271 [qtp1219553025-19] DEBUG Connection - {conn-10003} connected
121723:55:45.290 [qtp1219553025-19] DEBUG Connection - {conn-10004} connected
121723:55:45.303 [qtp1219553025-19] INFO  DruidDataSource - {dataSource-1} inited
121723:55:45.308 [qtp1219553025-19] DEBUG Connection - {conn-10004} pool-connect
121723:55:45.401 [qtp1219553025-19] DEBUG Statement - {conn-10004, pstmt-20000} created. SELECT * FROM t_user_1 WHERE user_id = ?
121723:55:45.419 [qtp1219553025-19] DEBUG Statement - {conn-10004, pstmt-20000} Parameters : [1]
121723:55:45.419 [qtp1219553025-19] DEBUG Statement - {conn-10004, pstmt-20000} Types : [INTEGER]
121723:55:45.422 [qtp1219553025-19] DEBUG Statement - {conn-10004, pstmt-20000, rs-50000} query executed. 4.910257 millis. SELECT * FROM t_user_1 WHERE user_id = ?
121723:55:45.422 [qtp1219553025-19] DEBUG ResultSet - {conn-10004, pstmt-20000, rs-50000} open
121723:55:45.424 [qtp1219553025-19] DEBUG ResultSet - {conn-10004, pstmt-20000, rs-50000} Header: [user_id, username, type, account, password, status, create_time, update_time]
121723:55:45.432 [qtp1219553025-19] DEBUG ResultSet - {conn-10004, pstmt-20000, rs-50000} Result: [1, 黄哲, true, huangzhe, , true, 2016-12-17 22:37:10.0, 2016-12-17 22:38:00.0]
121723:55:45.435 [qtp1219553025-19] DEBUG ResultSet - {conn-10004, pstmt-20000, rs-50000} closed
121723:55:45.436 [qtp1219553025-19] DEBUG Statement - {conn-10004, pstmt-20000} closed
121723:55:45.436 [qtp1219553025-19] DEBUG Connection - {conn-10004} pool-recycle
121723:55:45.438 [qtp1219553025-19] DEBUG Connection - {conn-10004} pool-connect
121723:55:45.441 [qtp1219553025-19] DEBUG Statement - {conn-10004, pstmt-20001} created. UPDATE t_article SET title = ?, author = ?, publish_time = ?, external_link = ?, status = ?WHERE article_id = ?
121723:55:45.444 [qtp1219553025-19] DEBUG Statement - {conn-10004, pstmt-20001} Parameters : [论充值的重要性1, 马化腾1, 2016-12-18, www.qq.com1, 1, 9]
121723:55:45.444 [qtp1219553025-19] DEBUG Statement - {conn-10004, pstmt-20001} Types : [VARCHAR, VARCHAR, VARCHAR, VARCHAR, INTEGER, INTEGER]
121723:55:45.456 [qtp1219553025-19] ERROR Statement - {conn-10004, pstmt-20001} execute error. UPDATE t_article SET title = ?, author = ?, publish_time = ?, external_link = ?, status = ?WHERE article_id = ?
com.mysql.jdbc.exceptions.jdbc4.MySQLSyntaxErrorException: You have an error in your SQL syntax; check the manual that corresponds to your MySQL server version for the right syntax to use near 'article_id = 9' at line 1
	at sun.reflect.NativeConstructorAccessorImpl.newInstance0(Native Method) ~[na:1.8.0_40]
	at sun.reflect.NativeConstructorAccessorImpl.newInstance(NativeConstructorAccessorImpl.java:62) ~[na:1.8.0_40]
	at sun.reflect.DelegatingConstructorAccessorImpl.newInstance(DelegatingConstructorAccessorImpl.java:45) ~[na:1.8.0_40]
	at java.lang.reflect.Constructor.newInstance(Constructor.java:422) ~[na:1.8.0_40]
	at com.mysql.jdbc.Util.handleNewInstance(Util.java:411) ~[mysql-connector-java-5.1.26.jar:na]
	at com.mysql.jdbc.Util.getInstance(Util.java:386) ~[mysql-connector-java-5.1.26.jar:na]
	at com.mysql.jdbc.SQLError.createSQLException(SQLError.java:1054) ~[mysql-connector-java-5.1.26.jar:na]
	at com.mysql.jdbc.MysqlIO.checkErrorPacket(MysqlIO.java:4190) ~[mysql-connector-java-5.1.26.jar:na]
	at com.mysql.jdbc.MysqlIO.checkErrorPacket(MysqlIO.java:4122) ~[mysql-connector-java-5.1.26.jar:na]
	at com.mysql.jdbc.MysqlIO.sendCommand(MysqlIO.java:2570) ~[mysql-connector-java-5.1.26.jar:na]
	at com.mysql.jdbc.MysqlIO.sqlQueryDirect(MysqlIO.java:2731) ~[mysql-connector-java-5.1.26.jar:na]
	at com.mysql.jdbc.ConnectionImpl.execSQL(ConnectionImpl.java:2818) ~[mysql-connector-java-5.1.26.jar:na]
	at com.mysql.jdbc.PreparedStatement.executeInternal(PreparedStatement.java:2157) ~[mysql-connector-java-5.1.26.jar:na]
	at com.mysql.jdbc.PreparedStatement.executeUpdate(PreparedStatement.java:2460) ~[mysql-connector-java-5.1.26.jar:na]
	at com.mysql.jdbc.PreparedStatement.executeUpdate(PreparedStatement.java:2377) ~[mysql-connector-java-5.1.26.jar:na]
	at com.mysql.jdbc.PreparedStatement.executeUpdate(PreparedStatement.java:2361) ~[mysql-connector-java-5.1.26.jar:na]
	at com.alibaba.druid.filter.FilterChainImpl.preparedStatement_executeUpdate(FilterChainImpl.java:2723) [druid-1.0.9.jar:1.0.9]
	at com.alibaba.druid.filter.FilterAdapter.preparedStatement_executeUpdate(FilterAdapter.java:1069) [druid-1.0.9.jar:1.0.9]
	at com.alibaba.druid.filter.FilterEventAdapter.preparedStatement_executeUpdate(FilterEventAdapter.java:491) [druid-1.0.9.jar:1.0.9]
	at com.alibaba.druid.filter.FilterChainImpl.preparedStatement_executeUpdate(FilterChainImpl.java:2721) [druid-1.0.9.jar:1.0.9]
	at com.alibaba.druid.filter.FilterAdapter.preparedStatement_executeUpdate(FilterAdapter.java:1069) [druid-1.0.9.jar:1.0.9]
	at com.alibaba.druid.filter.FilterEventAdapter.preparedStatement_executeUpdate(FilterEventAdapter.java:491) [druid-1.0.9.jar:1.0.9]
	at com.alibaba.druid.filter.FilterChainImpl.preparedStatement_executeUpdate(FilterChainImpl.java:2721) [druid-1.0.9.jar:1.0.9]
	at com.alibaba.druid.wall.WallFilter.preparedStatement_executeUpdate(WallFilter.java:621) [druid-1.0.9.jar:1.0.9]
	at com.alibaba.druid.filter.FilterChainImpl.preparedStatement_executeUpdate(FilterChainImpl.java:2721) [druid-1.0.9.jar:1.0.9]
	at com.alibaba.druid.proxy.jdbc.PreparedStatementProxyImpl.executeUpdate(PreparedStatementProxyImpl.java:145) [druid-1.0.9.jar:1.0.9]
	at com.alibaba.druid.pool.DruidPooledPreparedStatement.executeUpdate(DruidPooledPreparedStatement.java:253) [druid-1.0.9.jar:1.0.9]
	at org.springframework.jdbc.core.JdbcTemplate$2.doInPreparedStatement(JdbcTemplate.java:824) [spring-jdbc-3.2.7.RELEASE.jar:3.2.7.RELEASE]
	at org.springframework.jdbc.core.JdbcTemplate$2.doInPreparedStatement(JdbcTemplate.java:818) [spring-jdbc-3.2.7.RELEASE.jar:3.2.7.RELEASE]
	at org.springframework.jdbc.core.JdbcTemplate.execute(JdbcTemplate.java:589) [spring-jdbc-3.2.7.RELEASE.jar:3.2.7.RELEASE]
	at org.springframework.jdbc.core.JdbcTemplate.update(JdbcTemplate.java:818) [spring-jdbc-3.2.7.RELEASE.jar:3.2.7.RELEASE]
	at org.springframework.jdbc.core.JdbcTemplate.update(JdbcTemplate.java:874) [spring-jdbc-3.2.7.RELEASE.jar:3.2.7.RELEASE]
	at org.springframework.jdbc.core.JdbcTemplate.update(JdbcTemplate.java:882) [spring-jdbc-3.2.7.RELEASE.jar:3.2.7.RELEASE]
	at team.t9001.saad.dao.ArticleDao.modifyArticle(ArticleDao.java:71) [classes/:na]
	at team.t9001.saad.service.ArticleService.modifyArticle(ArticleService.java:50) [classes/:na]
	at team.t9001.saad.controller.ArticleController.modifyArticle(ArticleController.java:136) [classes/:na]
	at sun.reflect.NativeMethodAccessorImpl.invoke0(Native Method) ~[na:1.8.0_40]
	at sun.reflect.NativeMethodAccessorImpl.invoke(NativeMethodAccessorImpl.java:62) ~[na:1.8.0_40]
	at sun.reflect.DelegatingMethodAccessorImpl.invoke(DelegatingMethodAccessorImpl.java:43) ~[na:1.8.0_40]
	at java.lang.reflect.Method.invoke(Method.java:497) ~[na:1.8.0_40]
	at org.springframework.web.method.support.InvocableHandlerMethod.invoke(InvocableHandlerMethod.java:219) [spring-web-3.2.7.RELEASE.jar:3.2.7.RELEASE]
	at org.springframework.web.method.support.InvocableHandlerMethod.invokeForRequest(InvocableHandlerMethod.java:132) [spring-web-3.2.7.RELEASE.jar:3.2.7.RELEASE]
	at org.springframework.web.servlet.mvc.method.annotation.ServletInvocableHandlerMethod.invokeAndHandle(ServletInvocableHandlerMethod.java:104) [spring-webmvc-3.2.7.RELEASE.jar:3.2.7.RELEASE]
	at org.springframework.web.servlet.mvc.method.annotation.RequestMappingHandlerAdapter.invokeHandleMethod(RequestMappingHandlerAdapter.java:745) [spring-webmvc-3.2.7.RELEASE.jar:3.2.7.RELEASE]
	at org.springframework.web.servlet.mvc.method.annotation.RequestMappingHandlerAdapter.handleInternal(RequestMappingHandlerAdapter.java:686) [spring-webmvc-3.2.7.RELEASE.jar:3.2.7.RELEASE]
	at org.springframework.web.servlet.mvc.method.AbstractHandlerMethodAdapter.handle(AbstractHandlerMethodAdapter.java:80) [spring-webmvc-3.2.7.RELEASE.jar:3.2.7.RELEASE]
	at org.springframework.web.servlet.DispatcherServlet.doDispatch(DispatcherServlet.java:925) [spring-webmvc-3.2.7.RELEASE.jar:3.2.7.RELEASE]
	at org.springframework.web.servlet.DispatcherServlet.doService(DispatcherServlet.java:856) [spring-webmvc-3.2.7.RELEASE.jar:3.2.7.RELEASE]
	at org.springframework.web.servlet.FrameworkServlet.processRequest(FrameworkServlet.java:953) [spring-webmvc-3.2.7.RELEASE.jar:3.2.7.RELEASE]
	at org.springframework.web.servlet.FrameworkServlet.doPost(FrameworkServlet.java:855) [spring-webmvc-3.2.7.RELEASE.jar:3.2.7.RELEASE]
	at javax.servlet.http.HttpServlet.service(HttpServlet.java:755) [javax.servlet-3.0.0.v201112011016.jar:na]
	at org.springframework.web.servlet.FrameworkServlet.service(FrameworkServlet.java:829) [spring-webmvc-3.2.7.RELEASE.jar:3.2.7.RELEASE]
	at javax.servlet.http.HttpServlet.service(HttpServlet.java:848) [javax.servlet-3.0.0.v201112011016.jar:na]
	at org.eclipse.jetty.servlet.ServletHolder.handle(ServletHolder.java:684) [jetty-servlet-8.1.14.v20131031.jar:8.1.14.v20131031]
	at org.eclipse.jetty.servlet.ServletHandler$CachedChain.doFilter(ServletHandler.java:1496) [jetty-servlet-8.1.14.v20131031.jar:8.1.14.v20131031]
	at org.springframework.web.filter.CharacterEncodingFilter.doFilterInternal(CharacterEncodingFilter.java:88) [spring-web-3.2.7.RELEASE.jar:3.2.7.RELEASE]
	at org.springframework.web.filter.OncePerRequestFilter.doFilter(OncePerRequestFilter.java:107) [spring-web-3.2.7.RELEASE.jar:3.2.7.RELEASE]
	at org.eclipse.jetty.servlet.ServletHandler$CachedChain.doFilter(ServletHandler.java:1476) [jetty-servlet-8.1.14.v20131031.jar:8.1.14.v20131031]
	at org.eclipse.jetty.servlet.ServletHandler.doHandle(ServletHandler.java:499) [jetty-servlet-8.1.14.v20131031.jar:8.1.14.v20131031]
	at org.eclipse.jetty.server.handler.ScopedHandler.handle(ScopedHandler.java:137) [jetty-server-8.1.14.v20131031.jar:8.1.14.v20131031]
	at org.eclipse.jetty.security.SecurityHandler.handle(SecurityHandler.java:557) [jetty-security-8.1.14.v20131031.jar:8.1.14.v20131031]
	at org.eclipse.jetty.server.session.SessionHandler.doHandle(SessionHandler.java:231) [jetty-server-8.1.14.v20131031.jar:8.1.14.v20131031]
	at org.eclipse.jetty.server.handler.ContextHandler.doHandle(ContextHandler.java:1086) [jetty-server-8.1.14.v20131031.jar:8.1.14.v20131031]
	at org.eclipse.jetty.servlet.ServletHandler.doScope(ServletHandler.java:428) [jetty-servlet-8.1.14.v20131031.jar:8.1.14.v20131031]
	at org.eclipse.jetty.server.session.SessionHandler.doScope(SessionHandler.java:193) [jetty-server-8.1.14.v20131031.jar:8.1.14.v20131031]
	at org.eclipse.jetty.server.handler.ContextHandler.doScope(ContextHandler.java:1020) [jetty-server-8.1.14.v20131031.jar:8.1.14.v20131031]
	at org.eclipse.jetty.server.handler.ScopedHandler.handle(ScopedHandler.java:135) [jetty-server-8.1.14.v20131031.jar:8.1.14.v20131031]
	at org.eclipse.jetty.server.handler.ContextHandlerCollection.handle(ContextHandlerCollection.java:255) [jetty-server-8.1.14.v20131031.jar:8.1.14.v20131031]
	at org.eclipse.jetty.server.handler.HandlerCollection.handle(HandlerCollection.java:154) [jetty-server-8.1.14.v20131031.jar:8.1.14.v20131031]
	at org.eclipse.jetty.server.handler.HandlerWrapper.handle(HandlerWrapper.java:116) [jetty-server-8.1.14.v20131031.jar:8.1.14.v20131031]
	at org.eclipse.jetty.server.Server.handle(Server.java:370) [jetty-server-8.1.14.v20131031.jar:8.1.14.v20131031]
	at org.eclipse.jetty.server.AbstractHttpConnection.handleRequest(AbstractHttpConnection.java:494) [jetty-server-8.1.14.v20131031.jar:8.1.14.v20131031]
	at org.eclipse.jetty.server.AbstractHttpConnection.content(AbstractHttpConnection.java:982) [jetty-server-8.1.14.v20131031.jar:8.1.14.v20131031]
	at org.eclipse.jetty.server.AbstractHttpConnection$RequestHandler.content(AbstractHttpConnection.java:1043) [jetty-server-8.1.14.v20131031.jar:8.1.14.v20131031]
	at org.eclipse.jetty.http.HttpParser.parseNext(HttpParser.java:865) [jetty-http-8.1.14.v20131031.jar:8.1.14.v20131031]
	at org.eclipse.jetty.http.HttpParser.parseAvailable(HttpParser.java:240) [jetty-http-8.1.14.v20131031.jar:8.1.14.v20131031]
	at org.eclipse.jetty.server.AsyncHttpConnection.handle(AsyncHttpConnection.java:82) [jetty-server-8.1.14.v20131031.jar:8.1.14.v20131031]
	at org.eclipse.jetty.io.nio.SelectChannelEndPoint.handle(SelectChannelEndPoint.java:667) [jetty-io-8.1.14.v20131031.jar:8.1.14.v20131031]
	at org.eclipse.jetty.io.nio.SelectChannelEndPoint$1.run(SelectChannelEndPoint.java:52) [jetty-io-8.1.14.v20131031.jar:8.1.14.v20131031]
	at org.eclipse.jetty.util.thread.QueuedThreadPool.runJob(QueuedThreadPool.java:608) [jetty-util-8.1.14.v20131031.jar:8.1.14.v20131031]
	at org.eclipse.jetty.util.thread.QueuedThreadPool$3.run(QueuedThreadPool.java:543) [jetty-util-8.1.14.v20131031.jar:8.1.14.v20131031]
	at java.lang.Thread.run(Thread.java:745) [na:1.8.0_40]
121723:55:45.462 [qtp1219553025-19] DEBUG Statement - {conn-10004, pstmt-20001} closed
121723:55:45.462 [qtp1219553025-19] DEBUG Connection - {conn-10004} pool-recycle
121723:55:45.554 [qtp1219553025-19] DEBUG Connection - {conn-10004} pool-connect
121723:55:45.555 [qtp1219553025-19] DEBUG Connection - {conn-10004} pool-recycle
121723:57:03.111 [qtp2005706991-17] DEBUG ValidatorService - loginUserId = 1
121723:57:03.554 [qtp2005706991-17] DEBUG Connection - {conn-10001} connected
121723:57:03.571 [qtp2005706991-17] DEBUG Connection - {conn-10002} connected
121723:57:03.587 [qtp2005706991-17] DEBUG Connection - {conn-10003} connected
121723:57:03.600 [qtp2005706991-17] DEBUG Connection - {conn-10004} connected
121723:57:03.612 [qtp2005706991-17] INFO  DruidDataSource - {dataSource-1} inited
121723:57:03.617 [qtp2005706991-17] DEBUG Connection - {conn-10004} pool-connect
121723:57:03.710 [qtp2005706991-17] DEBUG Statement - {conn-10004, pstmt-20000} created. SELECT * FROM t_user_1 WHERE user_id = ?
121723:57:03.717 [qtp2005706991-17] DEBUG Statement - {conn-10004, pstmt-20000} Parameters : [1]
121723:57:03.717 [qtp2005706991-17] DEBUG Statement - {conn-10004, pstmt-20000} Types : [INTEGER]
121723:57:03.721 [qtp2005706991-17] DEBUG Statement - {conn-10004, pstmt-20000, rs-50000} query executed. 4.532107 millis. SELECT * FROM t_user_1 WHERE user_id = ?
121723:57:03.721 [qtp2005706991-17] DEBUG ResultSet - {conn-10004, pstmt-20000, rs-50000} open
121723:57:03.722 [qtp2005706991-17] DEBUG ResultSet - {conn-10004, pstmt-20000, rs-50000} Header: [user_id, username, type, account, password, status, create_time, update_time]
121723:57:03.730 [qtp2005706991-17] DEBUG ResultSet - {conn-10004, pstmt-20000, rs-50000} Result: [1, 黄哲, true, huangzhe, , true, 2016-12-17 22:37:10.0, 2016-12-17 22:38:00.0]
121723:57:03.733 [qtp2005706991-17] DEBUG ResultSet - {conn-10004, pstmt-20000, rs-50000} closed
121723:57:03.733 [qtp2005706991-17] DEBUG Statement - {conn-10004, pstmt-20000} closed
121723:57:03.734 [qtp2005706991-17] DEBUG Connection - {conn-10004} pool-recycle
121723:57:03.734 [qtp2005706991-17] DEBUG Connection - {conn-10004} pool-connect
121723:57:03.736 [qtp2005706991-17] DEBUG Statement - {conn-10004, pstmt-20001} created. UPDATE t_article SET title = ?, author = ?, publish_time = ?, external_link = ?, status = ? WHERE article_id = ?
121723:57:03.737 [qtp2005706991-17] DEBUG Statement - {conn-10004, pstmt-20001} Parameters : [论充值的重要性1, 马化腾1, 2016-12-18, www.qq.com1, 1, 9]
121723:57:03.737 [qtp2005706991-17] DEBUG Statement - {conn-10004, pstmt-20001} Types : [VARCHAR, VARCHAR, VARCHAR, VARCHAR, INTEGER, INTEGER]
121723:57:03.739 [qtp2005706991-17] DEBUG Statement - {conn-10004, pstmt-20001} update executed. effort 1. 2.305894 millis. UPDATE t_article SET title = ?, author = ?, publish_time = ?, external_link = ?, status = ? WHERE article_id = ?
121723:57:03.740 [qtp2005706991-17] DEBUG Statement - {conn-10004, pstmt-20001} closed
121723:57:03.740 [qtp2005706991-17] DEBUG Connection - {conn-10004} pool-recycle
121723:57:04.118 [qtp2005706991-17] INFO  ArticleController - modify article success, article:{"articleId":9,"author":"马化腾1","externalLink":"www.qq.com1","publishTime":"2016-12-18","status":1,"title":"论充值的重要性1"}.
121723:59:00.348 [qtp2005706991-17] WARN  ValidatorService - user not login.
121723:59:08.931 [qtp2005706991-22] DEBUG ValidatorService - loginUserId = 1
121723:59:08.933 [qtp2005706991-22] DEBUG Connection - {conn-10004} pool-connect
121723:59:08.934 [qtp2005706991-22] DEBUG Statement - {conn-10004, pstmt-20002} created. SELECT * FROM t_user_1 WHERE user_id = ?
121723:59:08.934 [qtp2005706991-22] DEBUG Statement - {conn-10004, pstmt-20002} Parameters : [1]
121723:59:08.934 [qtp2005706991-22] DEBUG Statement - {conn-10004, pstmt-20002} Types : [INTEGER]
121723:59:08.935 [qtp2005706991-22] DEBUG Statement - {conn-10004, pstmt-20002, rs-50001} query executed. 0.723494 millis. SELECT * FROM t_user_1 WHERE user_id = ?
121723:59:08.935 [qtp2005706991-22] DEBUG ResultSet - {conn-10004, pstmt-20002, rs-50001} open
121723:59:08.935 [qtp2005706991-22] DEBUG ResultSet - {conn-10004, pstmt-20002, rs-50001} Header: [user_id, username, type, account, password, status, create_time, update_time]
121723:59:08.936 [qtp2005706991-22] DEBUG ResultSet - {conn-10004, pstmt-20002, rs-50001} Result: [1, 黄哲, true, huangzhe, , true, 2016-12-17 22:37:10.0, 2016-12-17 22:38:00.0]
121723:59:08.936 [qtp2005706991-22] DEBUG ResultSet - {conn-10004, pstmt-20002, rs-50001} closed
121723:59:08.937 [qtp2005706991-22] DEBUG Statement - {conn-10004, pstmt-20002} closed
121723:59:08.937 [qtp2005706991-22] DEBUG Connection - {conn-10004} pool-recycle
121723:59:08.937 [qtp2005706991-22] DEBUG Connection - {conn-10004} pool-connect
121723:59:08.938 [qtp2005706991-22] DEBUG Statement - {conn-10004, pstmt-20003} created. UPDATE t_article SET status = 0 WHERE articleId = ?
121723:59:08.938 [qtp2005706991-22] DEBUG Statement - {conn-10004, pstmt-20003} Parameters : [9]
121723:59:08.938 [qtp2005706991-22] DEBUG Statement - {conn-10004, pstmt-20003} Types : [INTEGER]
121723:59:08.948 [qtp2005706991-22] ERROR Statement - {conn-10004, pstmt-20003} execute error. UPDATE t_article SET status = 0 WHERE articleId = ?
com.mysql.jdbc.exceptions.jdbc4.MySQLSyntaxErrorException: Unknown column 'articleId' in 'where clause'
	at sun.reflect.NativeConstructorAccessorImpl.newInstance0(Native Method) ~[na:1.8.0_40]
	at sun.reflect.NativeConstructorAccessorImpl.newInstance(NativeConstructorAccessorImpl.java:62) ~[na:1.8.0_40]
	at sun.reflect.DelegatingConstructorAccessorImpl.newInstance(DelegatingConstructorAccessorImpl.java:45) ~[na:1.8.0_40]
	at java.lang.reflect.Constructor.newInstance(Constructor.java:422) ~[na:1.8.0_40]
	at com.mysql.jdbc.Util.handleNewInstance(Util.java:411) ~[mysql-connector-java-5.1.26.jar:na]
	at com.mysql.jdbc.Util.getInstance(Util.java:386) ~[mysql-connector-java-5.1.26.jar:na]
	at com.mysql.jdbc.SQLError.createSQLException(SQLError.java:1054) ~[mysql-connector-java-5.1.26.jar:na]
	at com.mysql.jdbc.MysqlIO.checkErrorPacket(MysqlIO.java:4190) ~[mysql-connector-java-5.1.26.jar:na]
	at com.mysql.jdbc.MysqlIO.checkErrorPacket(MysqlIO.java:4122) ~[mysql-connector-java-5.1.26.jar:na]
	at com.mysql.jdbc.MysqlIO.sendCommand(MysqlIO.java:2570) ~[mysql-connector-java-5.1.26.jar:na]
	at com.mysql.jdbc.MysqlIO.sqlQueryDirect(MysqlIO.java:2731) ~[mysql-connector-java-5.1.26.jar:na]
	at com.mysql.jdbc.ConnectionImpl.execSQL(ConnectionImpl.java:2818) ~[mysql-connector-java-5.1.26.jar:na]
	at com.mysql.jdbc.PreparedStatement.executeInternal(PreparedStatement.java:2157) ~[mysql-connector-java-5.1.26.jar:na]
	at com.mysql.jdbc.PreparedStatement.executeUpdate(PreparedStatement.java:2460) ~[mysql-connector-java-5.1.26.jar:na]
	at com.mysql.jdbc.PreparedStatement.executeUpdate(PreparedStatement.java:2377) ~[mysql-connector-java-5.1.26.jar:na]
	at com.mysql.jdbc.PreparedStatement.executeUpdate(PreparedStatement.java:2361) ~[mysql-connector-java-5.1.26.jar:na]
	at com.alibaba.druid.filter.FilterChainImpl.preparedStatement_executeUpdate(FilterChainImpl.java:2723) [druid-1.0.9.jar:1.0.9]
	at com.alibaba.druid.filter.FilterAdapter.preparedStatement_executeUpdate(FilterAdapter.java:1069) [druid-1.0.9.jar:1.0.9]
	at com.alibaba.druid.filter.FilterEventAdapter.preparedStatement_executeUpdate(FilterEventAdapter.java:491) [druid-1.0.9.jar:1.0.9]
	at com.alibaba.druid.filter.FilterChainImpl.preparedStatement_executeUpdate(FilterChainImpl.java:2721) [druid-1.0.9.jar:1.0.9]
	at com.alibaba.druid.filter.FilterAdapter.preparedStatement_executeUpdate(FilterAdapter.java:1069) [druid-1.0.9.jar:1.0.9]
	at com.alibaba.druid.filter.FilterEventAdapter.preparedStatement_executeUpdate(FilterEventAdapter.java:491) [druid-1.0.9.jar:1.0.9]
	at com.alibaba.druid.filter.FilterChainImpl.preparedStatement_executeUpdate(FilterChainImpl.java:2721) [druid-1.0.9.jar:1.0.9]
	at com.alibaba.druid.wall.WallFilter.preparedStatement_executeUpdate(WallFilter.java:621) [druid-1.0.9.jar:1.0.9]
	at com.alibaba.druid.filter.FilterChainImpl.preparedStatement_executeUpdate(FilterChainImpl.java:2721) [druid-1.0.9.jar:1.0.9]
	at com.alibaba.druid.proxy.jdbc.PreparedStatementProxyImpl.executeUpdate(PreparedStatementProxyImpl.java:145) [druid-1.0.9.jar:1.0.9]
	at com.alibaba.druid.pool.DruidPooledPreparedStatement.executeUpdate(DruidPooledPreparedStatement.java:253) [druid-1.0.9.jar:1.0.9]
	at org.springframework.jdbc.core.JdbcTemplate$2.doInPreparedStatement(JdbcTemplate.java:824) [spring-jdbc-3.2.7.RELEASE.jar:3.2.7.RELEASE]
	at org.springframework.jdbc.core.JdbcTemplate$2.doInPreparedStatement(JdbcTemplate.java:818) [spring-jdbc-3.2.7.RELEASE.jar:3.2.7.RELEASE]
	at org.springframework.jdbc.core.JdbcTemplate.execute(JdbcTemplate.java:589) [spring-jdbc-3.2.7.RELEASE.jar:3.2.7.RELEASE]
	at org.springframework.jdbc.core.JdbcTemplate.update(JdbcTemplate.java:818) [spring-jdbc-3.2.7.RELEASE.jar:3.2.7.RELEASE]
	at org.springframework.jdbc.core.JdbcTemplate.update(JdbcTemplate.java:874) [spring-jdbc-3.2.7.RELEASE.jar:3.2.7.RELEASE]
	at org.springframework.jdbc.core.JdbcTemplate.update(JdbcTemplate.java:882) [spring-jdbc-3.2.7.RELEASE.jar:3.2.7.RELEASE]
	at team.t9001.saad.dao.ArticleDao.removeArticle(ArticleDao.java:82) [classes/:na]
	at team.t9001.saad.service.ArticleService.removeArticle(ArticleService.java:59) [classes/:na]
	at team.t9001.saad.controller.ArticleController.removeArticle(ArticleController.java:175) [classes/:na]
	at sun.reflect.NativeMethodAccessorImpl.invoke0(Native Method) ~[na:1.8.0_40]
	at sun.reflect.NativeMethodAccessorImpl.invoke(NativeMethodAccessorImpl.java:62) ~[na:1.8.0_40]
	at sun.reflect.DelegatingMethodAccessorImpl.invoke(DelegatingMethodAccessorImpl.java:43) ~[na:1.8.0_40]
	at java.lang.reflect.Method.invoke(Method.java:497) ~[na:1.8.0_40]
	at org.springframework.web.method.support.InvocableHandlerMethod.invoke(InvocableHandlerMethod.java:219) [spring-web-3.2.7.RELEASE.jar:3.2.7.RELEASE]
	at org.springframework.web.method.support.InvocableHandlerMethod.invokeForRequest(InvocableHandlerMethod.java:132) [spring-web-3.2.7.RELEASE.jar:3.2.7.RELEASE]
	at org.springframework.web.servlet.mvc.method.annotation.ServletInvocableHandlerMethod.invokeAndHandle(ServletInvocableHandlerMethod.java:104) [spring-webmvc-3.2.7.RELEASE.jar:3.2.7.RELEASE]
	at org.springframework.web.servlet.mvc.method.annotation.RequestMappingHandlerAdapter.invokeHandleMethod(RequestMappingHandlerAdapter.java:745) [spring-webmvc-3.2.7.RELEASE.jar:3.2.7.RELEASE]
	at org.springframework.web.servlet.mvc.method.annotation.RequestMappingHandlerAdapter.handleInternal(RequestMappingHandlerAdapter.java:686) [spring-webmvc-3.2.7.RELEASE.jar:3.2.7.RELEASE]
	at org.springframework.web.servlet.mvc.method.AbstractHandlerMethodAdapter.handle(AbstractHandlerMethodAdapter.java:80) [spring-webmvc-3.2.7.RELEASE.jar:3.2.7.RELEASE]
	at org.springframework.web.servlet.DispatcherServlet.doDispatch(DispatcherServlet.java:925) [spring-webmvc-3.2.7.RELEASE.jar:3.2.7.RELEASE]
	at org.springframework.web.servlet.DispatcherServlet.doService(DispatcherServlet.java:856) [spring-webmvc-3.2.7.RELEASE.jar:3.2.7.RELEASE]
	at org.springframework.web.servlet.FrameworkServlet.processRequest(FrameworkServlet.java:953) [spring-webmvc-3.2.7.RELEASE.jar:3.2.7.RELEASE]
	at org.springframework.web.servlet.FrameworkServlet.doPost(FrameworkServlet.java:855) [spring-webmvc-3.2.7.RELEASE.jar:3.2.7.RELEASE]
	at javax.servlet.http.HttpServlet.service(HttpServlet.java:755) [javax.servlet-3.0.0.v201112011016.jar:na]
	at org.springframework.web.servlet.FrameworkServlet.service(FrameworkServlet.java:829) [spring-webmvc-3.2.7.RELEASE.jar:3.2.7.RELEASE]
	at javax.servlet.http.HttpServlet.service(HttpServlet.java:848) [javax.servlet-3.0.0.v201112011016.jar:na]
	at org.eclipse.jetty.servlet.ServletHolder.handle(ServletHolder.java:684) [jetty-servlet-8.1.14.v20131031.jar:8.1.14.v20131031]
	at org.eclipse.jetty.servlet.ServletHandler$CachedChain.doFilter(ServletHandler.java:1496) [jetty-servlet-8.1.14.v20131031.jar:8.1.14.v20131031]
	at org.springframework.web.filter.CharacterEncodingFilter.doFilterInternal(CharacterEncodingFilter.java:88) [spring-web-3.2.7.RELEASE.jar:3.2.7.RELEASE]
	at org.springframework.web.filter.OncePerRequestFilter.doFilter(OncePerRequestFilter.java:107) [spring-web-3.2.7.RELEASE.jar:3.2.7.RELEASE]
	at org.eclipse.jetty.servlet.ServletHandler$CachedChain.doFilter(ServletHandler.java:1476) [jetty-servlet-8.1.14.v20131031.jar:8.1.14.v20131031]
	at org.eclipse.jetty.servlet.ServletHandler.doHandle(ServletHandler.java:499) [jetty-servlet-8.1.14.v20131031.jar:8.1.14.v20131031]
	at org.eclipse.jetty.server.handler.ScopedHandler.handle(ScopedHandler.java:137) [jetty-server-8.1.14.v20131031.jar:8.1.14.v20131031]
	at org.eclipse.jetty.security.SecurityHandler.handle(SecurityHandler.java:557) [jetty-security-8.1.14.v20131031.jar:8.1.14.v20131031]
	at org.eclipse.jetty.server.session.SessionHandler.doHandle(SessionHandler.java:231) [jetty-server-8.1.14.v20131031.jar:8.1.14.v20131031]
	at org.eclipse.jetty.server.handler.ContextHandler.doHandle(ContextHandler.java:1086) [jetty-server-8.1.14.v20131031.jar:8.1.14.v20131031]
	at org.eclipse.jetty.servlet.ServletHandler.doScope(ServletHandler.java:428) [jetty-servlet-8.1.14.v20131031.jar:8.1.14.v20131031]
	at org.eclipse.jetty.server.session.SessionHandler.doScope(SessionHandler.java:193) [jetty-server-8.1.14.v20131031.jar:8.1.14.v20131031]
	at org.eclipse.jetty.server.handler.ContextHandler.doScope(ContextHandler.java:1020) [jetty-server-8.1.14.v20131031.jar:8.1.14.v20131031]
	at org.eclipse.jetty.server.handler.ScopedHandler.handle(ScopedHandler.java:135) [jetty-server-8.1.14.v20131031.jar:8.1.14.v20131031]
	at org.eclipse.jetty.server.handler.ContextHandlerCollection.handle(ContextHandlerCollection.java:255) [jetty-server-8.1.14.v20131031.jar:8.1.14.v20131031]
	at org.eclipse.jetty.server.handler.HandlerCollection.handle(HandlerCollection.java:154) [jetty-server-8.1.14.v20131031.jar:8.1.14.v20131031]
	at org.eclipse.jetty.server.handler.HandlerWrapper.handle(HandlerWrapper.java:116) [jetty-server-8.1.14.v20131031.jar:8.1.14.v20131031]
	at org.eclipse.jetty.server.Server.handle(Server.java:370) [jetty-server-8.1.14.v20131031.jar:8.1.14.v20131031]
	at org.eclipse.jetty.server.AbstractHttpConnection.handleRequest(AbstractHttpConnection.java:494) [jetty-server-8.1.14.v20131031.jar:8.1.14.v20131031]
	at org.eclipse.jetty.server.AbstractHttpConnection.content(AbstractHttpConnection.java:982) [jetty-server-8.1.14.v20131031.jar:8.1.14.v20131031]
	at org.eclipse.jetty.server.AbstractHttpConnection$RequestHandler.content(AbstractHttpConnection.java:1043) [jetty-server-8.1.14.v20131031.jar:8.1.14.v20131031]
	at org.eclipse.jetty.http.HttpParser.parseNext(HttpParser.java:865) [jetty-http-8.1.14.v20131031.jar:8.1.14.v20131031]
	at org.eclipse.jetty.http.HttpParser.parseAvailable(HttpParser.java:240) [jetty-http-8.1.14.v20131031.jar:8.1.14.v20131031]
	at org.eclipse.jetty.server.AsyncHttpConnection.handle(AsyncHttpConnection.java:82) [jetty-server-8.1.14.v20131031.jar:8.1.14.v20131031]
	at org.eclipse.jetty.io.nio.SelectChannelEndPoint.handle(SelectChannelEndPoint.java:667) [jetty-io-8.1.14.v20131031.jar:8.1.14.v20131031]
	at org.eclipse.jetty.io.nio.SelectChannelEndPoint$1.run(SelectChannelEndPoint.java:52) [jetty-io-8.1.14.v20131031.jar:8.1.14.v20131031]
	at org.eclipse.jetty.util.thread.QueuedThreadPool.runJob(QueuedThreadPool.java:608) [jetty-util-8.1.14.v20131031.jar:8.1.14.v20131031]
	at org.eclipse.jetty.util.thread.QueuedThreadPool$3.run(QueuedThreadPool.java:543) [jetty-util-8.1.14.v20131031.jar:8.1.14.v20131031]
	at java.lang.Thread.run(Thread.java:745) [na:1.8.0_40]
121723:59:08.949 [qtp2005706991-22] DEBUG Statement - {conn-10004, pstmt-20003} closed
121723:59:08.950 [qtp2005706991-22] DEBUG Connection - {conn-10004} pool-recycle
121723:59:09.003 [qtp2005706991-22] DEBUG Connection - {conn-10004} pool-connect
121723:59:09.004 [qtp2005706991-22] DEBUG Connection - {conn-10004} pool-recycle
